2024-01-05T19:53:18.750Z info: http://localhost:3000
2024-01-05T19:57:03.364Z info: http://localhost:3000
2024-01-05T19:58:01.836Z info: http://localhost:3000
2024-01-05T19:59:07.809Z info: http://localhost:3000
2024-01-05T20:00:32.924Z info: http://localhost:3000
2024-01-05T20:00:50.615Z info: http://localhost:3000
2024-01-05T20:01:23.279Z info: http://localhost:3000
2024-01-05T20:23:15.618Z info: http://localhost:3000
2024-01-05T20:23:39.134Z info: http://localhost:3000
2024-01-05T20:23:51.030Z info: http://localhost:3000
2024-01-05T20:23:58.923Z info: http://localhost:3000
2024-01-05T20:25:36.264Z info: http://localhost:3000
2024-01-05T20:26:02.453Z info: http://localhost:3000
2024-01-05T21:49:46.893Z info: http://localhost:3000
2024-01-05T21:49:46.900Z error: Error during Data Source initialization connect ECONNREFUSED ::1:5432
2024-01-05T21:50:45.423Z info: http://localhost:3000
2024-01-05T21:50:45.428Z error: Error during Data Source initialization connect ECONNREFUSED ::1:5432
2024-01-05T21:51:07.261Z info: http://localhost:3000
2024-01-05T21:51:07.266Z error: Error during Data Source initialization connect ECONNREFUSED ::1:5432
2024-01-05T21:51:15.501Z info: http://localhost:3000
2024-01-05T21:51:15.506Z error: Error during Data Source initialization connect ECONNREFUSED ::1:5432
2024-01-05T21:53:52.115Z info: http://localhost:3000
2024-01-05T21:53:52.126Z error: Error during Data Source initialization Connection terminated unexpectedly
2024-01-05T21:54:09.717Z info: http://localhost:3000
2024-01-05T21:54:09.765Z error: Error during Data Source initialization password authentication failed for user "root"
2024-01-05T21:54:56.284Z info: http://localhost:3000
2024-01-05T21:54:56.836Z info: Data Source has been initialized!
2024-01-05T22:07:31.056Z info: http://localhost:3000
2024-01-05T22:07:31.285Z info: Data Source has been initialized!
2024-01-05T22:07:46.761Z error: Cannot read properties of undefined (reading 'name')
2024-01-05T22:09:52.718Z info: http://localhost:3000
2024-01-05T22:09:52.907Z info: Data Source has been initialized!
2024-01-05T22:09:55.945Z info: http://localhost:3000
2024-01-05T22:09:56.083Z info: Data Source has been initialized!
2024-01-05T22:10:00.153Z info: http://localhost:3000
2024-01-05T22:10:00.291Z info: Data Source has been initialized!
2024-01-05T22:10:05.264Z info: http://localhost:3000
2024-01-05T22:10:05.412Z info: Data Source has been initialized!
2024-01-05T22:11:31.729Z info: http://localhost:3000
2024-01-05T22:11:31.937Z info: Data Source has been initialized!
2024-01-05T22:17:00.608Z info: http://localhost:3000
2024-01-05T22:17:00.802Z info: Data Source has been initialized!
2024-01-05T22:18:10.324Z info: http://localhost:3000
2024-01-05T22:18:10.481Z info: Data Source has been initialized!
2024-01-05T22:18:14.141Z info: http://localhost:3000
2024-01-05T22:18:14.284Z info: Data Source has been initialized!
2024-01-05T22:18:27.519Z info: http://localhost:3000
2024-01-05T22:18:27.672Z info: Data Source has been initialized!
2024-01-05T22:18:29.802Z info: http://localhost:3000
2024-01-05T22:18:29.945Z info: Data Source has been initialized!
2024-01-05T22:18:35.257Z info: http://localhost:3000
2024-01-05T22:18:35.402Z info: Data Source has been initialized!
2024-01-05T22:18:41.870Z info: http://localhost:3000
2024-01-05T22:18:42.017Z info: Data Source has been initialized!
2024-01-05T22:19:09.972Z info: http://localhost:3000
2024-01-05T22:19:10.133Z info: Data Source has been initialized!
2024-01-06T07:24:28.726Z info: http://localhost:3000
2024-01-06T07:24:28.933Z info: Data Source has been initialized!
2024-01-06T07:24:43.863Z info: Data Source has been initialized!
2024-01-06T07:24:43.865Z info: http://localhost:3000
2024-01-06T07:29:32.455Z info: Data Source has been initialized!
2024-01-06T07:29:32.456Z info: http://localhost:3000
2024-01-06T07:29:34.379Z info: Data Source has been initialized!
2024-01-06T07:29:34.381Z info: http://localhost:3000
2024-01-06T07:31:10.736Z info: Data Source has been initialized!
2024-01-06T07:31:10.737Z info: http://localhost:3000
2024-01-06T07:31:14.990Z info: Data Source has been initialized!
2024-01-06T07:31:14.992Z info: http://localhost:3000
2024-01-06T07:31:34.566Z info: Data Source has been initialized!
2024-01-06T07:31:34.567Z info: http://localhost:3000
2024-01-06T07:31:55.161Z info: Data Source has been initialized!
2024-01-06T07:31:55.163Z info: http://localhost:3000
2024-01-06T07:32:45.170Z info: Data Source has been initialized!
2024-01-06T07:32:45.171Z info: http://localhost:3000
2024-01-06T07:34:01.675Z info: Data Source has been initialized!
2024-01-06T07:34:01.676Z info: http://localhost:3000
2024-01-06T07:35:10.656Z info: Data Source has been initialized!
2024-01-06T07:35:10.658Z info: http://localhost:3000
2024-01-06T07:35:49.916Z info: Data Source has been initialized!
2024-01-06T07:35:49.917Z info: http://localhost:3000
2024-01-06T07:36:43.035Z info: Data Source has been initialized!
2024-01-06T07:36:43.036Z info: http://localhost:3000
2024-01-06T07:37:33.784Z info: Data Source has been initialized!
2024-01-06T07:37:33.786Z info: http://localhost:3000
2024-01-06T07:38:22.470Z info: Data Source has been initialized!
2024-01-06T07:38:22.471Z info: http://localhost:3000
2024-01-06T07:43:05.455Z info: Data Source has been initialized!
2024-01-06T07:43:05.456Z info: http://localhost:3000
2024-01-06T07:44:25.601Z info: Data Source has been initialized!
2024-01-06T07:44:25.603Z info: http://localhost:3000
2024-01-06T07:44:41.279Z info: Data Source has been initialized!
2024-01-06T07:44:41.281Z info: http://localhost:3000
2024-01-06T07:49:34.139Z info: Data Source has been initialized!
2024-01-06T07:49:34.141Z info: http://localhost:3000
2024-01-06T07:49:39.721Z info: Data Source has been initialized!
2024-01-06T07:49:39.722Z info: http://localhost:3000
2024-01-06T07:56:16.747Z info: Data Source has been initialized!
2024-01-06T07:56:16.749Z info: http://localhost:3000
2024-01-06T08:08:58.971Z info: Data Source has been initialized!
2024-01-06T08:08:58.972Z info: http://localhost:3000
2024-01-06T08:10:22.936Z info: Data Source has been initialized!
2024-01-06T08:10:22.937Z info: http://localhost:3000
2024-01-06T08:12:19.358Z info: Data Source has been initialized!
2024-01-06T08:12:19.359Z info: http://localhost:3000
2024-01-06T08:20:05.589Z info: Data Source has been initialized!
2024-01-06T08:20:05.590Z info: http://localhost:3000
2024-01-06T08:20:34.019Z info: Data Source has been initialized!
2024-01-06T08:20:34.020Z info: http://localhost:3000
2024-01-06T08:21:53.910Z info: Data Source has been initialized!
2024-01-06T08:21:53.911Z info: http://localhost:3000
2024-01-06T08:21:59.519Z info: Data Source has been initialized!
2024-01-06T08:21:59.521Z info: http://localhost:3000
2024-01-06T08:22:08.077Z info: Data Source has been initialized!
2024-01-06T08:22:08.078Z info: http://localhost:3000
2024-01-06T08:22:19.841Z info: Data Source has been initialized!
2024-01-06T08:22:19.842Z info: http://localhost:3000
2024-01-06T08:22:34.292Z info: Data Source has been initialized!
2024-01-06T08:22:34.294Z info: http://localhost:3000
2024-01-06T08:22:44.948Z info: Data Source has been initialized!
2024-01-06T08:22:44.950Z info: http://localhost:3000
2024-01-06T08:22:53.184Z info: Data Source has been initialized!
2024-01-06T08:22:53.185Z info: http://localhost:3000
2024-01-06T08:22:58.352Z info: Data Source has been initialized!
2024-01-06T08:22:58.353Z info: http://localhost:3000
2024-01-06T08:23:35.781Z info: Data Source has been initialized!
2024-01-06T08:23:35.782Z info: http://localhost:3000
2024-01-06T08:24:13.590Z info: Data Source has been initialized!
2024-01-06T08:24:13.592Z info: http://localhost:3000
2024-01-06T08:28:10.333Z info: Data Source has been initialized!
2024-01-06T08:28:10.334Z info: http://localhost:3000
2024-01-06T08:28:49.455Z info: Data Source has been initialized!
2024-01-06T08:28:49.456Z info: http://localhost:3000
2024-01-06T08:30:06.930Z info: Data Source has been initialized!
2024-01-06T08:30:06.932Z info: http://localhost:3000
2024-01-06T08:31:05.348Z info: Data Source has been initialized!
2024-01-06T08:31:05.350Z info: http://localhost:3000
2024-01-06T08:32:31.580Z info: Data Source has been initialized!
2024-01-06T08:32:31.582Z info: http://localhost:3000
2024-01-06T08:32:41.102Z info: Users: 
2024-01-06T08:32:58.604Z info: Users: 
2024-01-06T08:33:00.855Z info: Users: 
2024-01-06T08:33:04.105Z info: Users: 
2024-01-06T08:33:13.309Z info: Users: 
2024-01-06T08:33:26.257Z info: User: null
2024-01-06T08:33:31.157Z error: Cannot read properties of undefined (reading 'name')
2024-01-06T08:34:58.835Z info: Data Source has been initialized!
2024-01-06T08:34:58.836Z info: http://localhost:3000
2024-01-06T08:35:30.703Z info: Data Source has been initialized!
2024-01-06T08:35:30.705Z info: http://localhost:3000
2024-01-06T08:35:32.282Z error: Cannot read properties of undefined (reading 'name')
2024-01-06T08:35:51.041Z info: Data Source has been initialized!
2024-01-06T08:35:51.042Z info: http://localhost:3000
2024-01-06T08:35:52.412Z error: Cannot read properties of undefined (reading 'name')
2024-01-06T08:36:23.687Z info: Server closed
2024-01-06T08:37:04.729Z info: Data Source has been initialized!
2024-01-06T08:37:04.730Z info: http://localhost:3000
2024-01-06T08:37:12.715Z info: Data Source has been initialized!
2024-01-06T08:37:12.717Z info: http://localhost:3000
2024-01-06T08:39:52.455Z error: Cannot read properties of undefined (reading 'name')
2024-01-06T08:40:24.546Z info: Data Source has been initialized!
2024-01-06T08:40:24.547Z info: http://localhost:3000
2024-01-06T08:40:40.728Z info: Data Source has been initialized!
2024-01-06T08:40:40.729Z info: http://localhost:3000
2024-01-06T08:41:09.279Z info: Data Source has been initialized!
2024-01-06T08:41:09.281Z info: http://localhost:3000
2024-01-06T08:41:11.584Z info: req.body: undefined
2024-01-06T08:41:27.248Z info: Data Source has been initialized!
2024-01-06T08:41:27.249Z info: http://localhost:3000
2024-01-06T08:41:30.744Z info: req.body: undefined
2024-01-06T08:42:23.499Z info: Data Source has been initialized!
2024-01-06T08:42:23.501Z info: http://localhost:3000
2024-01-06T08:42:37.355Z info: req.body: [object Object]
2024-01-06T08:42:37.445Z info: User 1 was saved
2024-01-06T08:42:47.200Z error: "name" is not allowed to be empty
2024-01-06T09:11:40.589Z error: "name" is required, "namee" is not allowed
2024-01-06T09:12:43.948Z info: req.body: [object Object]
2024-01-06T09:12:44.015Z info: User 2 was saved
2024-01-06T09:12:46.399Z info: req.body: [object Object]
2024-01-06T09:12:46.425Z info: User 3 was saved
2024-01-06T09:12:47.144Z info: req.body: [object Object]
2024-01-06T09:12:47.169Z info: User 4 was saved
2024-01-06T09:12:47.882Z info: req.body: [object Object]
2024-01-06T09:12:47.910Z info: User 5 was saved
2024-01-06T09:13:23.899Z info: Users: [object Object],[object Object],[object Object],[object Object],[object Object]
2024-01-06T09:13:24.603Z info: Users: [object Object],[object Object],[object Object],[object Object],[object Object]
2024-01-06T09:13:28.125Z info: Users: [object Object],[object Object],[object Object],[object Object],[object Object]
2024-01-06T09:17:58.039Z info: Data Source has been initialized!
2024-01-06T09:17:58.040Z info: http://localhost:3000
2024-01-06T09:18:03.992Z info: req.body: [object Object]
2024-01-06T09:18:13.994Z info: req.body: [object Object]
2024-01-06T09:18:40.500Z info: Data Source has been initialized!
2024-01-06T09:18:40.502Z info: http://localhost:3000
2024-01-06T09:18:46.012Z info: req.body: [object Object]
2024-01-06T09:18:56.026Z info: req.body: [object Object]
2024-01-06T09:20:25.717Z info: Data Source has been initialized!
2024-01-06T09:20:25.718Z info: http://localhost:3000
2024-01-06T09:20:30.720Z info: req.body: [object Object]
2024-01-06T09:20:40.730Z info: req.body: [object Object]
2024-01-06T09:26:36.153Z info: req.body: [object Object]
2024-01-06T09:26:36.224Z info: User 6 was saved
2024-01-06T09:27:08.054Z info: Data Source has been initialized!
2024-01-06T09:27:08.056Z info: http://localhost:3000
2024-01-06T09:27:11.433Z info: req.body: [object Object]
2024-01-06T09:27:11.488Z info: User 1 was saved
2024-01-06T09:28:45.456Z info: req.body: [object Object]
2024-01-06T09:28:45.521Z info: User 2 was saved
2024-01-06T09:28:54.689Z info: req.body: [object Object]
2024-01-06T09:28:54.715Z info: User 3 was saved
2024-01-06T09:29:04.166Z info: req.body: [object Object]
2024-01-06T09:29:04.185Z info: User 4 was saved
2024-01-06T09:31:00.154Z info: req.body: [object Object]
2024-01-06T09:31:00.221Z info: User 5 was saved
2024-01-06T09:31:51.218Z info: Data Source has been initialized!
2024-01-06T09:31:51.220Z info: http://localhost:3000
2024-01-06T09:33:12.312Z info: Data Source has been initialized!
2024-01-06T09:33:12.313Z info: http://localhost:3000
2024-01-06T09:33:14.896Z info: Data Source has been initialized!
2024-01-06T09:33:14.897Z info: http://localhost:3000
2024-01-06T09:33:27.713Z info: Data Source has been initialized!
2024-01-06T09:33:27.714Z info: http://localhost:3000
2024-01-06T09:33:55.808Z info: Data Source has been initialized!
2024-01-06T09:33:55.809Z info: http://localhost:3000
2024-01-06T09:34:02.490Z info: Data Source has been initialized!
2024-01-06T09:34:02.491Z info: http://localhost:3000
2024-01-06T09:34:07.419Z info: Data Source has been initialized!
2024-01-06T09:34:07.420Z info: http://localhost:3000
2024-01-06T09:34:48.644Z info: Data Source has been initialized!
2024-01-06T09:34:48.646Z info: http://localhost:3000
2024-01-06T09:34:54.302Z info: Data Source has been initialized!
2024-01-06T09:34:54.304Z info: http://localhost:3000
2024-01-06T09:34:56.844Z info: Data Source has been initialized!
2024-01-06T09:34:56.845Z info: http://localhost:3000
2024-01-06T09:35:10.982Z info: Data Source has been initialized!
2024-01-06T09:35:10.983Z info: http://localhost:3000
2024-01-06T09:35:18.397Z info: Data Source has been initialized!
2024-01-06T09:35:18.398Z info: http://localhost:3000
2024-01-06T09:35:26.690Z info: Data Source has been initialized!
2024-01-06T09:35:26.692Z info: http://localhost:3000
2024-01-06T09:36:04.256Z info: Data Source has been initialized!
2024-01-06T09:36:04.257Z info: http://localhost:3000
2024-01-06T09:36:42.167Z info: Data Source has been initialized!
2024-01-06T09:36:42.168Z info: http://localhost:3000
2024-01-06T09:36:47.498Z info: Book 1 was saved
2024-01-06T09:39:20.428Z info: Data Source has been initialized!
2024-01-06T09:39:20.430Z info: http://localhost:3000
2024-01-06T09:41:21.569Z info: Data Source has been initialized!
2024-01-06T09:41:21.570Z info: http://localhost:3000
2024-01-06T09:41:31.491Z info: Data Source has been initialized!
2024-01-06T09:41:31.492Z info: http://localhost:3000
2024-01-06T09:43:53.872Z info: Data Source has been initialized!
2024-01-06T09:43:53.874Z info: http://localhost:3000
2024-01-06T10:02:06.593Z info: Data Source has been initialized!
2024-01-06T10:02:06.594Z info: http://localhost:3000
2024-01-06T10:02:17.714Z info: Data Source has been initialized!
2024-01-06T10:02:17.715Z info: http://localhost:3000
2024-01-06T10:02:20.456Z info: Data Source has been initialized!
2024-01-06T10:02:20.457Z info: http://localhost:3000
2024-01-06T10:03:18.345Z info: Data Source has been initialized!
2024-01-06T10:03:18.347Z info: http://localhost:3000
2024-01-06T10:05:31.432Z info: Data Source has been initialized!
2024-01-06T10:05:31.433Z info: http://localhost:3000
2024-01-06T10:06:00.649Z error: Error during Data Source initialization Entity metadata for User#userBooks was not found. Check if you specified a correct entity object and if it's connected in the connection options.
2024-01-06T10:06:00.650Z info: http://localhost:3000
2024-01-06T10:06:29.459Z error: Error during Data Source initialization Entity metadata for User#userBooks was not found. Check if you specified a correct entity object and if it's connected in the connection options.
2024-01-06T10:06:29.461Z info: http://localhost:3000
2024-01-06T10:08:20.378Z error: Error during Data Source initialization Entity metadata for Book#userBooks was not found. Check if you specified a correct entity object and if it's connected in the connection options.
2024-01-06T10:08:20.380Z info: http://localhost:3000
2024-01-06T10:09:17.332Z info: Data Source has been initialized!
2024-01-06T10:09:17.334Z info: http://localhost:3000
2024-01-06T10:10:34.300Z info: User: [object Object]
2024-01-06T10:10:51.446Z info: User: [object Object]
2024-01-06T10:13:36.193Z info: Data Source has been initialized!
2024-01-06T10:13:36.195Z info: http://localhost:3000
2024-01-06T10:13:40.017Z info: Data Source has been initialized!
2024-01-06T10:13:40.019Z info: http://localhost:3000
2024-01-06T10:13:50.669Z info: Data Source has been initialized!
2024-01-06T10:13:50.671Z info: http://localhost:3000
2024-01-06T10:13:53.148Z info: Data Source has been initialized!
2024-01-06T10:13:53.149Z info: http://localhost:3000
2024-01-06T10:19:35.123Z info: Data Source has been initialized!
2024-01-06T10:19:35.125Z info: http://localhost:3000
2024-01-06T10:34:02.646Z info: Data Source has been initialized!
2024-01-06T10:34:02.647Z info: http://localhost:3000
2024-01-06T10:35:10.657Z info: User: [object Object]
2024-01-06T10:37:26.461Z info: Data Source has been initialized!
2024-01-06T10:37:26.462Z info: http://localhost:3000
2024-01-06T10:37:52.997Z info: Data Source has been initialized!
2024-01-06T10:37:52.998Z info: http://localhost:3000
2024-01-06T10:39:18.636Z info: Data Source has been initialized!
2024-01-06T10:39:18.638Z info: http://localhost:3000
2024-01-06T10:39:29.018Z info: User: [object Object]
2024-01-06T10:51:59.576Z info: Data Source has been initialized!
2024-01-06T10:51:59.578Z info: http://localhost:3000
2024-01-06T11:11:46.124Z info: Data Source has been initialized!
2024-01-06T11:11:46.125Z info: http://localhost:3000
2024-01-06T11:11:58.071Z info: Data Source has been initialized!
2024-01-06T11:11:58.072Z info: http://localhost:3000
2024-01-06T11:12:57.370Z info: Data Source has been initialized!
2024-01-06T11:12:57.372Z info: http://localhost:3000
2024-01-06T11:12:59.095Z info: Params: [object Object]
2024-01-06T11:14:00.174Z info: Data Source has been initialized!
2024-01-06T11:14:00.175Z info: http://localhost:3000
2024-01-06T11:14:24.670Z info: Data Source has been initialized!
2024-01-06T11:14:24.671Z info: http://localhost:3000
2024-01-06T11:14:25.133Z info: Params: [object Object]
2024-01-06T11:14:45.599Z info: Data Source has been initialized!
2024-01-06T11:14:45.601Z info: http://localhost:3000
2024-01-06T11:14:46.771Z info: id: 7
2024-01-06T11:15:42.841Z info: Data Source has been initialized!
2024-01-06T11:15:42.843Z info: http://localhost:3000
2024-01-06T11:15:44.325Z info: Params: [object Object]
2024-01-06T11:16:04.767Z info: Data Source has been initialized!
2024-01-06T11:16:04.768Z info: http://localhost:3000
2024-01-06T11:16:08.673Z info: Params: {"id":4}
2024-01-06T11:17:10.428Z info: Data Source has been initialized!
2024-01-06T11:17:10.430Z info: http://localhost:3000
2024-01-06T11:17:13.929Z info: Params: {"id":4}
2024-01-06T11:17:13.963Z info: User: [object Object]
2024-01-06T11:17:54.269Z info: Data Source has been initialized!
2024-01-06T11:17:54.270Z info: http://localhost:3000
2024-01-06T11:17:56.598Z info: User: {"id":4,"name":"Kadir Mutlu"}
2024-01-06T11:19:09.741Z info: Data Source has been initialized!
2024-01-06T11:19:09.743Z info: http://localhost:3000
2024-01-06T11:19:58.329Z info: Data Source has been initialized!
2024-01-06T11:19:58.331Z info: http://localhost:3000
2024-01-06T11:20:00.564Z error: User not found
2024-01-06T11:20:15.309Z info: Server closed
2024-01-06T11:21:29.340Z info: Data Source has been initialized!
2024-01-06T11:21:29.342Z info: http://localhost:3000
2024-01-06T11:21:30.887Z error: User not found
2024-01-06T11:22:13.712Z info: Data Source has been initialized!
2024-01-06T11:22:13.714Z info: http://localhost:3000
2024-01-06T11:22:27.940Z info: Data Source has been initialized!
2024-01-06T11:22:27.942Z info: http://localhost:3000
2024-01-06T11:23:33.342Z info: Data Source has been initialized!
2024-01-06T11:23:33.343Z info: http://localhost:3000
2024-01-06T11:23:50.888Z info: Data Source has been initialized!
2024-01-06T11:23:50.890Z info: http://localhost:3000
2024-01-06T11:24:05.221Z info: Users: [object Object],[object Object],[object Object],[object Object],[object Object]
2024-01-06T11:24:13.598Z info: User: {"id":5,"name":"I, Robot"}
2024-01-06T11:25:01.423Z info: Data Source has been initialized!
2024-01-06T11:25:01.425Z info: http://localhost:3000
2024-01-06T11:25:46.220Z info: Data Source has been initialized!
2024-01-06T11:25:46.222Z info: http://localhost:3000
2024-01-06T11:29:49.059Z info: Data Source has been initialized!
2024-01-06T11:29:49.061Z info: http://localhost:3000
2024-01-06T11:29:51.691Z info: User: {"id":5,"name":"I, Robot"}
2024-01-06T11:29:51.691Z info: User: [object Object]
2024-01-06T11:30:00.910Z info: User: [object Object]
2024-01-06T11:32:40.908Z info: Data Source has been initialized!
2024-01-06T11:32:40.910Z info: http://localhost:3000
2024-01-06T11:35:17.546Z info: Data Source has been initialized!
2024-01-06T11:35:17.547Z info: http://localhost:3000
2024-01-06T11:35:22.196Z info: Data Source has been initialized!
2024-01-06T11:35:22.197Z info: http://localhost:3000
2024-01-06T11:45:10.742Z info: Data Source has been initialized!
2024-01-06T11:45:10.743Z info: http://localhost:3000
2024-01-06T11:45:44.513Z info: Data Source has been initialized!
2024-01-06T11:45:44.514Z info: http://localhost:3000
2024-01-06T11:47:03.718Z info: Data Source has been initialized!
2024-01-06T11:47:03.719Z info: http://localhost:3000
2024-01-06T11:47:04.183Z error: errorConverter:  User not found
2024-01-06T11:47:04.183Z error: User not found
2024-01-06T11:47:04.183Z error: returning error response:  User not found
2024-01-06T11:47:44.333Z info: Data Source has been initialized!
2024-01-06T11:47:44.335Z info: http://localhost:3000
2024-01-06T11:55:04.317Z info: Data Source has been initialized!
2024-01-06T11:55:04.319Z info: http://localhost:3000
2024-01-06T11:55:20.040Z info: Data Source has been initialized!
2024-01-06T11:55:20.041Z info: http://localhost:3000
2024-01-06T11:55:47.118Z info: Data Source has been initialized!
2024-01-06T11:55:47.119Z info: http://localhost:3000
2024-01-06T11:56:28.419Z info: Data Source has been initialized!
2024-01-06T11:56:28.421Z info: http://localhost:3000
2024-01-06T11:57:25.423Z info: User: {"id":4,"name":"Kadir Mutlu"}
2024-01-06T11:57:25.424Z info: User: [object Object]
2024-01-06T11:58:06.646Z info: Books count: 1
2024-01-06T11:58:11.319Z error: "userId" is required, "bookId" is not allowed
2024-01-06T11:58:11.319Z error: returning error response:  "userId" is required, "bookId" is not allowed
2024-01-06T12:00:58.615Z info: Data Source has been initialized!
2024-01-06T12:00:58.616Z info: http://localhost:3000
2024-01-06T12:00:59.344Z info: Book: [object Object]
2024-01-06T12:02:27.083Z info: Data Source has been initialized!
2024-01-06T12:02:27.085Z info: http://localhost:3000
2024-01-06T12:03:54.538Z info: Data Source has been initialized!
2024-01-06T12:03:54.539Z info: http://localhost:3000
2024-01-06T12:04:46.245Z info: Data Source has been initialized!
2024-01-06T12:04:46.247Z info: http://localhost:3000
2024-01-06T12:04:47.708Z info: Book: {"id":1,"name":"Neuromancer"}
2024-01-06T12:05:17.224Z info: Data Source has been initialized!
2024-01-06T12:05:17.226Z info: http://localhost:3000
2024-01-06T12:05:30.354Z info: Data Source has been initialized!
2024-01-06T12:05:30.355Z info: http://localhost:3000
2024-01-06T12:06:00.165Z info: Data Source has been initialized!
2024-01-06T12:06:00.167Z info: http://localhost:3000
2024-01-06T12:06:02.850Z info: Book: {"id":1,"name":"Neuromancer","score":-1}
2024-01-06T12:11:29.109Z info: Data Source has been initialized!
2024-01-06T12:11:29.111Z info: http://localhost:3000
2024-01-06T12:11:29.581Z error: returning error response:  DataSource is not set for this entity.
2024-01-06T12:11:29.581Z error: returning error response:  DataSource is not set for this entity.
2024-01-06T12:11:29.591Z error: returning error response:  DataSource is not set for this entity.
2024-01-06T12:11:29.594Z error: returning error response:  DataSource is not set for this entity.
2024-01-06T12:11:29.598Z error: returning error response:  DataSource is not set for this entity.
2024-01-06T12:11:29.598Z error: returning error response:  DataSource is not set for this entity.
2024-01-06T12:11:29.609Z error: returning error response:  DataSource is not set for this entity.
2024-01-06T12:11:29.609Z error: returning error response:  DataSource is not set for this entity.
2024-01-06T12:11:31.605Z error: returning error response:  DataSource is not set for this entity.
2024-01-06T12:15:30.644Z error: returning error response:  DataSource is not set for this entity.
2024-01-06T12:15:30.657Z error: returning error response:  DataSource is not set for this entity.
2024-01-06T12:15:30.661Z error: returning error response:  DataSource is not set for this entity.
2024-01-06T12:15:30.671Z error: returning error response:  DataSource is not set for this entity.
2024-01-06T12:15:30.871Z info: Data Source has been initialized!
2024-01-06T12:15:30.872Z info: http://localhost:3000
2024-01-06T12:15:38.683Z error: returning error response:  DataSource is not set for this entity.
2024-01-06T12:15:38.697Z error: returning error response:  DataSource is not set for this entity.
2024-01-06T12:15:38.701Z error: returning error response:  DataSource is not set for this entity.
2024-01-06T12:15:38.704Z info: Data Source has been initialized!
2024-01-06T12:15:38.706Z info: http://localhost:3000
2024-01-06T12:15:38.713Z error: returning error response:  DataSource is not set for this entity.
2024-01-06T12:15:39.121Z info: Data Source has been initialized!
2024-01-06T12:15:39.150Z info: Users count: 4
2024-01-06T12:15:39.161Z info: User: {"id":4,"name":"Kadir Mutlu"}
2024-01-06T12:15:39.162Z info: User: [object Object]
2024-01-06T12:15:39.167Z info: User: {"id":2,"name":"Enes Faruk Meniz"}
2024-01-06T12:15:39.167Z info: User: [object Object]
2024-01-06T12:15:39.187Z info: User: [object Object]
2024-01-06T12:15:49.094Z error: returning error response:  DataSource is not set for this entity.
2024-01-06T12:15:49.109Z error: returning error response:  DataSource is not set for this entity.
2024-01-06T12:15:49.113Z error: returning error response:  DataSource is not set for this entity.
2024-01-06T12:15:49.126Z error: returning error response:  DataSource is not set for this entity.
2024-01-06T12:15:49.214Z info: Data Source has been initialized!
2024-01-06T12:15:49.216Z info: http://localhost:3000
2024-01-06T12:15:49.223Z info: Data Source has been initialized!
2024-01-06T12:15:49.253Z info: Users count: 5
2024-01-06T12:15:49.265Z info: User: {"id":4,"name":"Kadir Mutlu"}
2024-01-06T12:15:49.267Z info: User: [object Object]
2024-01-06T12:15:49.272Z info: User: {"id":2,"name":"Enes Faruk Meniz"}
2024-01-06T12:15:49.272Z info: User: [object Object]
2024-01-06T12:15:49.296Z info: User: [object Object]
2024-01-06T12:16:19.828Z info: Data Source has been initialized!
2024-01-06T12:16:40.826Z info: Data Source has been initialized!
2024-01-06T12:16:51.613Z error: returning error response:  DataSource is not set for this entity.
2024-01-06T12:16:51.625Z error: returning error response:  DataSource is not set for this entity.
2024-01-06T12:16:51.629Z error: returning error response:  DataSource is not set for this entity.
2024-01-06T12:16:51.641Z error: returning error response:  DataSource is not set for this entity.
2024-01-06T12:16:51.767Z info: Data Source has been initialized!
2024-01-06T12:16:51.798Z info: Users count: 6
2024-01-06T12:16:51.809Z info: User: {"id":4,"name":"Kadir Mutlu"}
2024-01-06T12:16:51.811Z info: User: [object Object]
2024-01-06T12:16:51.818Z info: User: {"id":2,"name":"Enes Faruk Meniz"}
2024-01-06T12:16:51.818Z info: User: [object Object]
2024-01-06T12:16:51.838Z info: User: [object Object]
2024-01-06T12:18:03.363Z info: Data Source has been initialized!
2024-01-06T12:18:03.365Z info: http://localhost:3000
2024-01-06T12:18:22.954Z info: Data Source has been initialized!
2024-01-06T12:18:22.955Z info: http://localhost:3000
2024-01-06T12:18:40.190Z info: Data Source has been initialized!
2024-01-06T12:18:40.192Z info: http://localhost:3000
2024-01-06T12:18:52.081Z info: Data Source has been initialized!
2024-01-06T12:18:52.082Z info: http://localhost:3000
2024-01-06T12:19:09.709Z info: Data Source has been initialized!
2024-01-06T12:19:09.711Z info: http://localhost:3000
2024-01-06T12:19:12.853Z info: Data Source has been initialized!
2024-01-06T12:19:12.855Z info: http://localhost:3000
2024-01-06T12:19:14.185Z error: returning error response:  DataSource is not set for this entity.
2024-01-06T12:19:14.196Z error: returning error response:  DataSource is not set for this entity.
2024-01-06T12:19:14.199Z error: returning error response:  DataSource is not set for this entity.
2024-01-06T12:19:14.210Z error: returning error response:  DataSource is not set for this entity.
2024-01-06T12:19:14.354Z info: Data Source has been initialized!
2024-01-06T12:19:14.383Z info: Users count: 7
2024-01-06T12:19:14.394Z info: User: {"id":4,"name":"Kadir Mutlu"}
2024-01-06T12:19:14.395Z info: User: [object Object]
2024-01-06T12:19:14.400Z info: User: {"id":2,"name":"Enes Faruk Meniz"}
2024-01-06T12:19:14.400Z info: User: [object Object]
2024-01-06T12:19:14.424Z info: User: [object Object]
2024-01-06T12:20:19.340Z info: Data Source has been initialized!
2024-01-06T12:20:19.341Z info: Data Source has been initialized!
2024-01-06T12:20:19.352Z error: Error during Data Source initialization Cannot create a "default" connection because connection to the database already established.
2024-01-06T12:20:19.371Z info: Books count: 1
2024-01-06T12:20:19.378Z info: Users count: 8
2024-01-06T12:20:19.387Z error: returning error response:  Book not found
2024-01-06T12:20:19.389Z info: User: {"id":4,"name":"Kadir Mutlu"}
2024-01-06T12:20:19.390Z info: User: [object Object]
2024-01-06T12:20:19.393Z error: returning error response:  Book not found
2024-01-06T12:20:19.398Z info: User: {"id":2,"name":"Enes Faruk Meniz"}
2024-01-06T12:20:19.399Z info: User: [object Object]
2024-01-06T12:20:19.418Z info: Book: [object Object]
2024-01-06T12:20:19.422Z info: User: [object Object]
2024-01-06T12:21:19.125Z info: Data Source has been initialized!
2024-01-06T12:21:19.139Z error: Error during Data Source initialization Cannot create a "default" connection because connection to the database already established.
2024-01-06T12:21:19.165Z info: Users count: 9
2024-01-06T12:21:19.177Z info: User: {"id":4,"name":"Kadir Mutlu"}
2024-01-06T12:21:19.179Z info: User: [object Object]
2024-01-06T12:21:19.186Z info: User: {"id":2,"name":"Enes Faruk Meniz"}
2024-01-06T12:21:19.186Z info: User: [object Object]
2024-01-06T12:21:19.201Z info: Data Source has been initialized!
2024-01-06T12:21:19.208Z info: User: [object Object]
2024-01-06T12:21:19.233Z info: Books count: 2
2024-01-06T12:21:19.245Z info: Book: {"id":1,"name":"Neuromancer","score":-1}
2024-01-06T12:21:19.250Z info: Book: {"id":2,"name":"Neuromancer","score":-1}
2024-01-06T12:21:19.272Z info: Book: [object Object]
2024-01-06T12:22:38.072Z info: Data Source has been initialized!
2024-01-06T12:22:38.074Z info: http://localhost:3000
2024-01-06T12:22:42.942Z info: Data Source has been initialized!
2024-01-06T12:22:42.944Z info: http://localhost:3000
2024-01-06T12:22:43.580Z info: Data Source has been initialized!
2024-01-06T12:22:43.610Z info: Users count: 10
2024-01-06T12:22:43.621Z info: User: {"id":4,"name":"Kadir Mutlu"}
2024-01-06T12:22:43.622Z info: User: [object Object]
2024-01-06T12:22:43.627Z info: User: {"id":2,"name":"Enes Faruk Meniz"}
2024-01-06T12:22:43.627Z info: User: [object Object]
2024-01-06T12:22:43.655Z info: User: [object Object]
2024-01-06T12:22:44.472Z info: Data Source has been initialized!
2024-01-06T12:22:44.474Z info: http://localhost:3000
2024-01-06T12:22:46.147Z info: Data Source has been initialized!
2024-01-06T12:22:46.148Z info: http://localhost:3000
2024-01-06T12:22:46.339Z info: Data Source has been initialized!
2024-01-06T12:22:46.373Z info: Users count: 11
2024-01-06T12:22:46.385Z info: User: {"id":4,"name":"Kadir Mutlu"}
2024-01-06T12:22:46.387Z info: User: [object Object]
2024-01-06T12:22:46.392Z info: User: {"id":2,"name":"Enes Faruk Meniz"}
2024-01-06T12:22:46.393Z info: User: [object Object]
2024-01-06T12:22:46.421Z info: User: [object Object]
2024-01-06T12:22:46.464Z info: Data Source has been initialized!
2024-01-06T12:22:46.494Z info: Books count: 3
2024-01-06T12:22:46.505Z info: Book: {"id":1,"name":"Neuromancer","score":-1}
2024-01-06T12:22:46.511Z info: Book: {"id":2,"name":"Neuromancer","score":-1}
2024-01-06T12:22:46.533Z info: Book: [object Object]
2024-01-06T12:22:51.582Z info: Data Source has been initialized!
2024-01-06T12:22:51.583Z info: Data Source has been initialized!
2024-01-06T12:22:51.616Z info: Books count: 4
2024-01-06T12:22:51.618Z info: Users count: 12
2024-01-06T12:22:51.627Z info: Book: {"id":1,"name":"Neuromancer","score":-1}
2024-01-06T12:22:51.629Z info: User: {"id":4,"name":"Kadir Mutlu"}
2024-01-06T12:22:51.631Z info: User: [object Object]
2024-01-06T12:22:51.632Z info: Book: {"id":2,"name":"Neuromancer","score":-1}
2024-01-06T12:22:51.635Z info: User: {"id":2,"name":"Enes Faruk Meniz"}
2024-01-06T12:22:51.635Z info: User: [object Object]
2024-01-06T12:22:51.653Z info: Book: [object Object]
2024-01-06T12:22:51.661Z info: User: [object Object]
2024-01-06T12:23:04.707Z info: Book: [object Object]
2024-01-06T12:23:25.010Z info: Books count: 6
2024-01-06T12:23:59.621Z info: Data Source has been initialized!
2024-01-06T12:23:59.621Z info: Data Source has been initialized!
2024-01-06T12:23:59.656Z info: Users count: 13
2024-01-06T12:23:59.656Z info: Books count: 6
2024-01-06T12:23:59.668Z info: Book: {"id":1,"name":"Neuromancer","score":-1}
2024-01-06T12:23:59.668Z info: User: {"id":4,"name":"Kadir Mutlu"}
2024-01-06T12:23:59.670Z info: User: [object Object]
2024-01-06T12:23:59.675Z info: Book: {"id":2,"name":"Neuromancer","score":-1}
2024-01-06T12:23:59.675Z info: User: {"id":2,"name":"Enes Faruk Meniz"}
2024-01-06T12:23:59.676Z info: User: [object Object]
2024-01-06T12:23:59.698Z info: User: [object Object]
2024-01-06T12:23:59.701Z info: Book: [object Object]
2024-01-06T12:24:32.483Z info: Data Source has been initialized!
2024-01-06T12:24:32.483Z info: Data Source has been initialized!
2024-01-06T12:24:32.520Z info: Books count: 7
2024-01-06T12:24:32.521Z info: Users count: 14
2024-01-06T12:24:32.531Z info: Book: {"id":1,"name":"Neuromancer","score":-1}
2024-01-06T12:24:32.533Z info: User: {"id":4,"name":"Kadir Mutlu"}
2024-01-06T12:24:32.534Z info: User: [object Object]
2024-01-06T12:24:32.537Z info: Book: {"id":2,"name":"Neuromancer","score":-1}
2024-01-06T12:24:32.544Z info: User: {"id":2,"name":"Enes Faruk Meniz"}
2024-01-06T12:24:32.544Z info: User: [object Object]
2024-01-06T12:24:32.566Z info: Book: [object Object]
2024-01-06T12:24:32.574Z info: User: [object Object]
2024-01-06T12:24:38.388Z info: Data Source has been initialized!
2024-01-06T12:24:38.417Z info: Books count: 8
2024-01-06T12:24:38.430Z info: Book: {"id":1,"name":"Neuromancer","score":-1}
2024-01-06T12:24:38.435Z info: Book: {"id":2,"name":"Neuromancer","score":-1}
2024-01-06T12:24:38.448Z info: Data Source has been initialized!
2024-01-06T12:24:38.461Z info: Book: [object Object]
2024-01-06T12:24:38.478Z info: Users count: 15
2024-01-06T12:24:38.489Z info: User: {"id":4,"name":"Kadir Mutlu"}
2024-01-06T12:24:38.490Z info: User: [object Object]
2024-01-06T12:24:38.495Z info: User: {"id":2,"name":"Enes Faruk Meniz"}
2024-01-06T12:24:38.495Z info: User: [object Object]
2024-01-06T12:24:38.514Z info: User: [object Object]
2024-01-06T12:25:33.657Z info: Data Source has been initialized!
2024-01-06T12:25:33.656Z info: Data Source has been initialized!
2024-01-06T12:25:33.693Z info: Books count: 9
2024-01-06T12:25:33.693Z info: Users count: 16
2024-01-06T12:25:33.706Z info: Book: {"id":1,"name":"Neuromancer","score":-1}
2024-01-06T12:25:33.706Z info: User: {"id":4,"name":"Kadir Mutlu"}
2024-01-06T12:25:33.708Z info: User: [object Object]
2024-01-06T12:25:33.711Z info: Book: {"id":2,"name":"Neuromancer","score":-1}
2024-01-06T12:25:33.714Z info: User: {"id":2,"name":"Enes Faruk Meniz"}
2024-01-06T12:25:33.715Z info: User: [object Object]
2024-01-06T12:25:33.742Z info: User: [object Object]
2024-01-06T12:25:33.744Z info: Book: [object Object]
2024-01-06T12:26:58.461Z info: Data Source has been initialized!
2024-01-06T12:26:58.462Z info: http://localhost:3000
2024-01-06T12:27:01.375Z info: Books count: 10
2024-01-06T12:27:06.058Z info: Book: {"id":1,"name":"Neuromancer","score":-1}
2024-01-06T12:27:09.496Z error: Book not found
2024-01-06T12:27:09.496Z error: returning error response:  Book not found
2024-01-06T12:27:14.012Z info: Book: {"id":5,"name":"Neuromancer","score":-1}
2024-01-06T12:36:53.891Z info: Data Source has been initialized!
2024-01-06T12:36:53.895Z info: http://localhost:3000
2024-01-06T12:37:00.126Z info: Data Source has been initialized!
2024-01-06T12:37:00.128Z info: http://localhost:3000
2024-01-06T12:37:04.492Z info: Data Source has been initialized!
2024-01-06T12:37:04.493Z info: http://localhost:3000
2024-01-06T12:37:12.393Z info: Data Source has been initialized!
2024-01-06T12:37:12.395Z info: http://localhost:3000
2024-01-06T12:37:16.865Z info: Data Source has been initialized!
2024-01-06T12:37:16.867Z info: http://localhost:3000
2024-01-06T12:39:56.789Z info: Data Source has been initialized!
2024-01-06T12:39:56.791Z info: http://localhost:3000
2024-01-06T12:39:57.273Z info: Data Source has been initialized!
2024-01-06T12:39:57.274Z info: Data Source has been initialized!
2024-01-06T12:39:57.311Z info: Users count: 17
2024-01-06T12:39:57.311Z info: Books count: 10
2024-01-06T12:39:57.321Z info: Book: {"id":1,"name":"Neuromancer","score":-1}
2024-01-06T12:39:57.322Z info: User: {"id":4,"name":"Kadir Mutlu"}
2024-01-06T12:39:57.322Z info: User: [object Object]
2024-01-06T12:39:57.325Z info: Book: {"id":2,"name":"Neuromancer","score":-1}
2024-01-06T12:39:57.327Z info: User: {"id":2,"name":"Enes Faruk Meniz"}
2024-01-06T12:39:57.327Z info: User: [object Object]
2024-01-06T12:39:57.354Z info: Book: [object Object]
2024-01-06T12:39:57.362Z info: User: [object Object]
2024-01-06T12:39:57.468Z error: returning error response:  There is no book with id 5 borrowed by user with id 2
2024-01-06T12:40:28.675Z info: Data Source has been initialized!
2024-01-06T12:40:28.677Z info: http://localhost:3000
2024-01-06T12:40:28.705Z info: Data Source has been initialized!
2024-01-06T12:40:28.742Z info: Users count: 18
2024-01-06T12:40:28.747Z info: Data Source has been initialized!
2024-01-06T12:40:28.755Z info: User: {"id":4,"name":"Kadir Mutlu"}
2024-01-06T12:40:28.757Z info: User: [object Object]
2024-01-06T12:40:28.762Z info: User: {"id":2,"name":"Enes Faruk Meniz"}
2024-01-06T12:40:28.762Z info: User: [object Object]
2024-01-06T12:40:28.778Z info: Books count: 11
2024-01-06T12:40:28.786Z info: User: [object Object]
2024-01-06T12:40:28.789Z info: Book: {"id":1,"name":"Neuromancer","score":-1}
2024-01-06T12:40:28.797Z info: Book: {"id":2,"name":"Neuromancer","score":-1}
2024-01-06T12:40:28.820Z info: Book: [object Object]
2024-01-06T12:40:28.910Z error: returning error response:  There is no book with id 5 borrowed by user with id 2
2024-01-06T12:40:37.692Z info: Data Source has been initialized!
2024-01-06T12:40:37.694Z info: http://localhost:3000
2024-01-06T12:40:37.854Z info: Data Source has been initialized!
2024-01-06T12:40:37.858Z info: Data Source has been initialized!
2024-01-06T12:40:37.888Z info: Users count: 19
2024-01-06T12:40:37.889Z info: Books count: 12
2024-01-06T12:40:37.902Z info: User: {"id":4,"name":"Kadir Mutlu"}
2024-01-06T12:40:37.904Z info: Book: {"id":1,"name":"Neuromancer","score":-1}
2024-01-06T12:40:37.904Z info: User: [object Object]
2024-01-06T12:40:37.910Z info: Book: {"id":2,"name":"Neuromancer","score":-1}
2024-01-06T12:40:37.910Z info: User: {"id":2,"name":"Enes Faruk Meniz"}
2024-01-06T12:40:37.910Z info: User: [object Object]
2024-01-06T12:40:37.940Z info: User: [object Object]
2024-01-06T12:40:37.946Z info: Book: [object Object]
2024-01-06T12:40:38.062Z error: returning error response:  There is no book with id 5 borrowed by user with id 2
2024-01-06T12:40:40.926Z info: Data Source has been initialized!
2024-01-06T12:40:40.928Z info: http://localhost:3000
2024-01-06T12:40:41.116Z info: Data Source has been initialized!
2024-01-06T12:40:41.151Z info: Users count: 20
2024-01-06T12:40:41.165Z info: User: {"id":4,"name":"Kadir Mutlu"}
2024-01-06T12:40:41.167Z info: User: [object Object]
2024-01-06T12:40:41.173Z info: User: {"id":2,"name":"Enes Faruk Meniz"}
2024-01-06T12:40:41.174Z info: User: [object Object]
2024-01-06T12:40:41.197Z info: User: [object Object]
2024-01-06T12:40:41.287Z info: Data Source has been initialized!
2024-01-06T12:40:41.318Z info: Books count: 13
2024-01-06T12:40:41.332Z info: Book: {"id":1,"name":"Neuromancer","score":-1}
2024-01-06T12:40:41.336Z info: Book: {"id":2,"name":"Neuromancer","score":-1}
2024-01-06T12:40:41.356Z info: Book: [object Object]
2024-01-06T12:40:41.439Z error: returning error response:  There is no book with id 4 borrowed by user with id 2
2024-01-06T12:41:04.666Z info: Data Source has been initialized!
2024-01-06T12:41:04.668Z info: http://localhost:3000
2024-01-06T12:41:04.716Z info: Data Source has been initialized!
2024-01-06T12:41:04.751Z info: Users count: 21
2024-01-06T12:41:04.765Z info: User: {"id":4,"name":"Kadir Mutlu"}
2024-01-06T12:41:04.767Z info: User: [object Object]
2024-01-06T12:41:04.777Z info: User: {"id":2,"name":"Enes Faruk Meniz"}
2024-01-06T12:41:04.777Z info: User: [object Object]
2024-01-06T12:41:04.806Z info: User: [object Object]
2024-01-06T12:41:04.812Z info: Data Source has been initialized!
2024-01-06T12:41:04.851Z info: Books count: 14
2024-01-06T12:41:04.863Z info: Book: {"id":1,"name":"Neuromancer","score":-1}
2024-01-06T12:41:04.869Z info: Book: {"id":2,"name":"Neuromancer","score":-1}
2024-01-06T12:41:04.891Z info: Book: [object Object]
2024-01-06T12:41:04.974Z error: returning error response:  There is no book with id 1 borrowed by user with id 2
2024-01-06T16:31:19.938Z info: Data Source has been initialized!
2024-01-06T16:31:19.940Z info: http://localhost:3000
2024-01-06T16:31:30.752Z info: Data Source has been initialized!
2024-01-06T16:31:30.753Z info: http://localhost:3000
2024-01-06T16:32:29.516Z info: Data Source has been initialized!
2024-01-06T16:32:29.517Z info: http://localhost:3000
2024-01-06T16:32:39.417Z info: Data Source has been initialized!
2024-01-06T16:32:39.418Z info: http://localhost:3000
2024-01-06T16:32:43.416Z info: Data Source has been initialized!
2024-01-06T16:32:43.417Z info: http://localhost:3000
2024-01-06T16:33:55.894Z info: Data Source has been initialized!
2024-01-06T16:33:55.896Z info: http://localhost:3000
2024-01-06T16:34:23.000Z info: Data Source has been initialized!
2024-01-06T16:34:23.002Z info: http://localhost:3000
2024-01-06T16:34:27.788Z info: Data Source has been initialized!
2024-01-06T16:34:27.790Z info: http://localhost:3000
2024-01-06T16:34:33.157Z info: Data Source has been initialized!
2024-01-06T16:34:33.158Z info: Data Source has been initialized!
2024-01-06T16:34:33.194Z info: Books count: 15
2024-01-06T16:34:33.194Z info: Users count: 22
2024-01-06T16:34:33.205Z info: Book: {"id":1,"name":"Neuromancer","score":-1}
2024-01-06T16:34:33.205Z info: User: {"id":4,"name":"Kadir Mutlu"}
2024-01-06T16:34:33.206Z info: User: [object Object]
2024-01-06T16:34:33.210Z info: Book: {"id":2,"name":"Neuromancer","score":-1}
2024-01-06T16:34:33.210Z info: User: {"id":2,"name":"Enes Faruk Meniz"}
2024-01-06T16:34:33.211Z info: User: [object Object]
2024-01-06T16:34:33.238Z info: User: [object Object]
2024-01-06T16:34:33.240Z info: Book: [object Object]
2024-01-06T16:34:33.342Z error: returning error response:  There is no book with id 1 borrowed by user with id 2
2024-01-06T16:34:46.029Z info: Data Source has been initialized!
2024-01-06T16:34:46.031Z info: http://localhost:3000
2024-01-06T16:36:53.319Z info: Data Source has been initialized!
2024-01-06T16:36:53.320Z info: http://localhost:3000
2024-01-06T16:36:53.451Z info: Data Source has been initialized!
2024-01-06T16:36:53.491Z info: Books count: 16
2024-01-06T16:36:53.505Z info: Book: {"id":1,"name":"Neuromancer","score":-1}
2024-01-06T16:36:53.510Z info: Book: {"id":2,"name":"Neuromancer","score":-1}
2024-01-06T16:36:53.537Z info: Book: [object Object]
2024-01-06T16:37:53.179Z info: Data Source has been initialized!
2024-01-06T16:37:53.180Z info: http://localhost:3000
2024-01-06T16:39:12.179Z info: Data Source has been initialized!
2024-01-06T16:39:12.182Z info: Data Source has been initialized!
2024-01-06T16:39:12.210Z info: Books count: 17
2024-01-06T16:39:12.222Z info: Book: {"id":1,"name":"Neuromancer","score":-1}
2024-01-06T16:39:12.226Z info: Book: {"id":2,"name":"Neuromancer","score":-1}
2024-01-06T16:39:12.237Z info: Users count: 23
2024-01-06T16:39:12.247Z info: Book: [object Object]
2024-01-06T16:39:12.249Z info: User: {"id":4,"name":"Kadir Mutlu"}
2024-01-06T16:39:12.250Z info: User: [object Object]
2024-01-06T16:39:12.259Z info: User: {"id":2,"name":"Enes Faruk Meniz"}
2024-01-06T16:39:12.260Z info: User: [object Object]
2024-01-06T16:39:12.282Z info: User: [object Object]
2024-01-06T16:39:12.362Z error: returning error response:  There is no book with id 1 borrowed by user with id 2
2024-01-06T16:39:54.873Z info: Data Source has been initialized!
2024-01-06T16:39:54.882Z info: Data Source has been initialized!
2024-01-06T16:39:54.906Z info: Books count: 18
2024-01-06T16:39:54.920Z info: Book: {"id":1,"name":"Neuromancer","score":-1}
2024-01-06T16:39:54.924Z info: Book: {"id":2,"name":"Neuromancer","score":-1}
2024-01-06T16:39:54.943Z info: Book: [object Object]
2024-01-06T16:39:54.953Z info: User: [object Object]
2024-01-06T16:39:54.970Z info: Users count: 25
2024-01-06T16:39:54.977Z info: User: {"id":4,"name":"Kadir Mutlu"}
2024-01-06T16:39:54.979Z info: User: [object Object]
2024-01-06T16:39:54.983Z info: User: {"id":2,"name":"Enes Faruk Meniz"}
2024-01-06T16:39:54.983Z info: User: [object Object]
2024-01-06T16:39:55.069Z error: returning error response:  There is no book with id 1 borrowed by user with id 2
2024-01-06T16:40:16.925Z info: Data Source has been initialized!
2024-01-06T16:40:16.926Z info: Data Source has been initialized!
2024-01-06T16:40:16.957Z info: Books count: 19
2024-01-06T16:40:16.968Z info: Book: {"id":1,"name":"Neuromancer","score":-1}
2024-01-06T16:40:16.974Z info: Book: {"id":2,"name":"Neuromancer","score":-1}
2024-01-06T16:40:16.992Z info: User: [object Object]
2024-01-06T16:40:16.996Z info: Book: [object Object]
2024-01-06T16:40:17.016Z info: Users count: 26
2024-01-06T16:40:17.025Z info: User: {"id":4,"name":"Kadir Mutlu"}
2024-01-06T16:40:17.027Z info: User: [object Object]
2024-01-06T16:40:17.032Z info: User: {"id":2,"name":"Enes Faruk Meniz"}
2024-01-06T16:40:17.033Z info: User: [object Object]
2024-01-06T16:40:17.124Z error: returning error response:  There is no book with id 1 borrowed by user with id 2
2024-01-06T16:42:15.063Z info: Data Source has been initialized!
2024-01-06T16:42:15.063Z info: Data Source has been initialized!
2024-01-06T16:42:15.095Z info: Books count: 20
2024-01-06T16:42:15.108Z info: Book: {"id":1,"name":"Neuromancer","score":-1}
2024-01-06T16:42:15.112Z info: Book: {"id":2,"name":"Neuromancer","score":-1}
2024-01-06T16:42:15.128Z info: User: [object Object]
2024-01-06T16:42:15.133Z info: Book: [object Object]
2024-01-06T16:42:15.150Z info: Users count: 27
2024-01-06T16:42:15.156Z info: User: {"id":4,"name":"Kadir Mutlu"}
2024-01-06T16:42:15.158Z info: User: [object Object]
2024-01-06T16:42:15.163Z info: User: {"id":2,"name":"Enes Faruk Meniz"}
2024-01-06T16:42:15.164Z info: User: [object Object]
2024-01-06T16:42:15.252Z error: returning error response:  There is no book with id 1 borrowed by user with id 2
2024-01-06T16:45:06.606Z info: Data Source has been initialized!
2024-01-06T16:45:06.611Z info: Data Source has been initialized!
2024-01-06T16:45:06.644Z info: Books count: 21
2024-01-06T16:45:06.655Z info: Book: {"id":1,"name":"Neuromancer","score":-1}
2024-01-06T16:45:06.662Z info: Book: {"id":2,"name":"Neuromancer","score":-1}
2024-01-06T16:45:06.677Z info: create User: [object Object]
2024-01-06T16:45:06.682Z info: Book: [object Object]
2024-01-06T16:45:06.691Z info: Users count: 28
2024-01-06T16:45:06.702Z info: User: {"id":4,"name":"Kadir Mutlu"}
2024-01-06T16:45:06.704Z info: get User: {"id":4,"name":"Kadir Mutlu","books":{"past":[],"present":[]}}
2024-01-06T16:45:06.709Z info: User: {"id":2,"name":"Enes Faruk Meniz"}
2024-01-06T16:45:06.709Z info: get User: {"id":2,"name":"Enes Faruk Meniz","books":{"past":[],"present":[]}}
2024-01-06T16:45:06.718Z info: borrow Book: {"userId":2,"bookId":1}
2024-01-06T16:45:06.799Z error: returning error response:  There is no book with id 1 borrowed by user with id 2
2024-01-06T16:45:35.703Z info: Data Source has been initialized!
2024-01-06T16:45:35.703Z info: Data Source has been initialized!
2024-01-06T16:45:35.732Z info: Books count: 22
2024-01-06T16:45:35.743Z info: Book: {"id":1,"name":"Neuromancer","score":-1}
2024-01-06T16:45:35.747Z info: Book: {"id":2,"name":"Neuromancer","score":-1}
2024-01-06T16:45:35.770Z error: returning error response:  Maximum call stack size exceeded
2024-01-06T16:45:35.773Z info: Book: [object Object]
2024-01-06T16:45:35.787Z info: Users count: 29
2024-01-06T16:45:35.789Z error: returning error response:  Maximum call stack size exceeded
2024-01-06T16:45:35.800Z error: returning error response:  Maximum call stack size exceeded
2024-01-06T16:45:35.806Z error: returning error response:  Maximum call stack size exceeded
2024-01-06T16:45:35.815Z info: borrow Book: {"userId":2,"bookId":1}
2024-01-06T16:45:35.890Z error: returning error response:  There is no book with id 1 borrowed by user with id 2
2024-01-06T16:47:27.681Z info: Data Source has been initialized!
2024-01-06T16:47:27.681Z info: Data Source has been initialized!
2024-01-06T16:47:27.719Z info: Books count: 23
2024-01-06T16:47:27.733Z info: Book: {"id":1,"name":"Neuromancer","score":-1}
2024-01-06T16:47:27.740Z info: Book: {"id":2,"name":"Neuromancer","score":-1}
2024-01-06T16:47:27.759Z info: Book: [object Object]
2024-01-06T16:47:27.770Z error: returning error response:  Maximum call stack size exceeded
2024-01-06T16:47:27.788Z info: Users count: 30
2024-01-06T16:47:27.792Z error: returning error response:  Maximum call stack size exceeded
2024-01-06T16:47:27.799Z error: returning error response:  Maximum call stack size exceeded
2024-01-06T16:47:27.805Z error: returning error response:  Maximum call stack size exceeded
2024-01-06T16:47:27.814Z info: borrow Book: {"userId":2,"bookId":1}
2024-01-06T16:47:27.891Z error: returning error response:  There is no book with id 1 borrowed by user with id 2
2024-01-06T21:47:50.592Z info: Data Source has been initialized!
2024-01-06T21:47:50.594Z info: http://localhost:3000
2024-01-06T21:48:59.563Z info: Data Source has been initialized!
2024-01-06T21:48:59.564Z info: http://localhost:3000
2024-01-06T21:49:17.048Z info: Data Source has been initialized!
2024-01-06T21:49:17.049Z info: http://localhost:3000
2024-01-06T21:49:43.761Z info: Data Source has been initialized!
2024-01-06T21:49:43.763Z info: http://localhost:3000
2024-01-06T21:49:56.692Z info: Data Source has been initialized!
2024-01-06T21:49:56.694Z info: http://localhost:3000
2024-01-06T21:51:40.991Z error: Error during Data Source initialization CreateUserTable migration name is wrong. Migration class name should have a JavaScript timestamp appended.
2024-01-06T21:51:40.993Z info: http://localhost:3000
2024-01-06T21:54:17.437Z error: Error during Data Source initialization  Unable to compile TypeScript:
[96msrc/migration/1704577992111-CreateUserTable.ts[0m:[93m24[0m:[93m17[0m - [91merror[0m[90m TS2304: [0mCannot find name 'Table'.

[7m24[0m             new Table({
[7m  [0m [91m                ~~~~~[0m

2024-01-06T21:54:17.439Z info: http://localhost:3000
2024-01-06T21:54:31.169Z error: Error during Data Source initialization type "tinyint" does not exist
2024-01-06T21:54:31.170Z info: http://localhost:3000
2024-01-06T21:54:58.143Z error: Error during Data Source initialization relation "user" already exists
2024-01-06T21:54:58.145Z info: http://localhost:3000
2024-01-06T21:55:42.669Z error: Error during Data Source initialization relation "user" already exists
2024-01-06T21:55:42.671Z info: http://localhost:3000
2024-01-06T21:55:48.516Z error: Error during Data Source initialization relation "user" already exists
2024-01-06T21:55:48.518Z info: http://localhost:3000
2024-01-06T21:55:52.025Z error: Error during Data Source initialization relation "user" already exists
2024-01-06T21:55:52.026Z info: http://localhost:3000
2024-01-06T21:56:05.129Z error: Error during Data Source initialization relation "user" already exists
2024-01-06T21:56:05.130Z info: http://localhost:3000
2024-01-06T22:00:18.168Z error: Error during Data Source initialization relation "user" does not exist
2024-01-06T22:00:18.170Z info: http://localhost:3000
2024-01-06T22:01:14.520Z error: Error during Data Source initialization  Unable to compile TypeScript:
[96msrc/migration/1704577992111-CreateUserTable.ts[0m:[93m41[0m:[93m17[0m - [91merror[0m[90m TS2353: [0mObject literal may only specify known properties, and 'relations' does not exist in type 'TableOptions'.

[7m41[0m                 relations: [
[7m  [0m [91m                ~~~~~~~~~[0m

2024-01-06T22:01:14.521Z info: http://localhost:3000
2024-01-06T22:02:47.112Z error: Error during Data Source initialization relation "user_book" does not exist
2024-01-06T22:02:47.114Z info: http://localhost:3000
2024-01-06T22:03:28.372Z error: Error during Data Source initialization there is no unique constraint matching given keys for referenced table "user_book"
2024-01-06T22:03:28.374Z info: http://localhost:3000
2024-01-06T22:04:13.912Z error: Error during Data Source initialization there is no unique constraint matching given keys for referenced table "user_book"
2024-01-06T22:04:13.913Z info: http://localhost:3000
2024-01-06T22:04:17.106Z error: Error during Data Source initialization there is no unique constraint matching given keys for referenced table "user_book"
2024-01-06T22:04:17.107Z info: http://localhost:3000
2024-01-06T22:05:06.734Z error: Error during Data Source initialization there is no unique constraint matching given keys for referenced table "user_book"
2024-01-06T22:05:06.736Z info: http://localhost:3000
2024-01-06T22:06:19.127Z error: Error during Data Source initialization relation "user" does not exist
2024-01-06T22:06:19.129Z info: http://localhost:3000
2024-01-06T22:06:39.586Z error: Error during Data Source initialization relation "user" does not exist
2024-01-06T22:06:39.588Z info: http://localhost:3000
2024-01-06T22:07:48.718Z error: Error during Data Source initialization relation "user" does not exist
2024-01-06T22:07:48.720Z info: http://localhost:3000
2024-01-06T22:07:54.728Z info: Creating user table...
2024-01-06T22:07:54.733Z info: Creating book table...
2024-01-06T22:07:54.737Z info: Creating user_book table...
2024-01-06T22:07:54.741Z info: Creating user_book foreign key...
2024-01-06T22:07:54.780Z info: Creating user_book foreign key...
2024-01-06T22:07:54.783Z info: Seeding user table...
2024-01-06T22:07:54.831Z error: Error during Data Source initialization relation "user" does not exist
2024-01-06T22:07:54.832Z info: http://localhost:3000
2024-01-06T22:09:43.188Z info: Creating user table...
2024-01-06T22:09:43.198Z info: Creating book table...
2024-01-06T22:09:43.203Z info: Creating user_book table...
2024-01-06T22:09:43.206Z info: Creating user_book foreign key...
2024-01-06T22:09:43.254Z info: Creating user_book foreign key...
2024-01-06T22:09:43.333Z info: Data Source has been initialized!
2024-01-06T22:09:43.334Z info: http://localhost:3000
2024-01-06T22:14:50.157Z info: seeding users and books...
2024-01-06T22:14:50.162Z info: seeding user_books...
2024-01-06T22:14:50.177Z error: Error during Data Source initialization null value in column "userScore" of relation "user_book" violates not-null constraint
2024-01-06T22:14:50.178Z info: http://localhost:3000
2024-01-06T22:21:28.809Z info: seeding users and books...
2024-01-06T22:21:28.825Z info: seeding user_books...
2024-01-06T22:21:28.847Z error: Error during Data Source initialization null value in column "userScore" of relation "user_book" violates not-null constraint
2024-01-06T22:21:28.848Z info: http://localhost:3000
2024-01-06T22:21:31.177Z info: seeding users and books...
2024-01-06T22:21:31.181Z info: seeding user_books...
2024-01-06T22:21:31.201Z error: Error during Data Source initialization null value in column "userScore" of relation "user_book" violates not-null constraint
2024-01-06T22:21:31.202Z info: http://localhost:3000
2024-01-06T22:22:18.041Z info: seeding users and books...
2024-01-06T22:22:18.045Z info: seeding user_books...
2024-01-06T22:22:18.061Z error: Error during Data Source initialization null value in column "userScore" of relation "user_book" violates not-null constraint
2024-01-06T22:22:18.062Z info: http://localhost:3000
2024-01-06T22:22:40.385Z info: seeding users and books...
2024-01-06T22:22:40.392Z info: seeding user_books...
2024-01-06T22:22:40.419Z error: Error during Data Source initialization null value in column "userScore" of relation "user_book" violates not-null constraint
2024-01-06T22:22:40.420Z info: http://localhost:3000
2024-01-06T22:22:58.869Z info: seeding users and books...
2024-01-06T22:22:58.877Z info: seeding user_books...
2024-01-06T22:22:58.900Z error: Error during Data Source initialization null value in column "userScore" of relation "user_book" violates not-null constraint
2024-01-06T22:22:58.901Z info: http://localhost:3000
2024-01-06T22:23:30.782Z info: seeding users and books...
2024-01-06T22:23:30.789Z info: seeding user_books...
2024-01-06T22:23:30.804Z error: Error during Data Source initialization insert or update on table "user_book" violates foreign key constraint "FK_ab47037d446ad35a3437ad77170"
2024-01-06T22:23:30.805Z info: http://localhost:3000
2024-01-06T22:23:54.933Z info: seeding users and books...
2024-01-06T22:23:54.955Z info: seeding user_books...
2024-01-06T22:23:54.973Z error: Error during Data Source initialization insert or update on table "user_book" violates foreign key constraint "FK_ab47037d446ad35a3437ad77170"
2024-01-06T22:23:54.974Z info: http://localhost:3000
2024-01-06T22:25:38.459Z info: seeding users and books...
2024-01-06T22:25:38.472Z info: seeding user_books...
2024-01-06T22:25:38.490Z error: Error during Data Source initialization insert or update on table "user_book" violates foreign key constraint "FK_ab47037d446ad35a3437ad77170"
2024-01-06T22:25:38.491Z info: http://localhost:3000
2024-01-06T22:25:53.164Z info: seeding users and books...
2024-01-06T22:25:53.220Z info: Data Source has been initialized!
2024-01-06T22:25:53.221Z info: http://localhost:3000
2024-01-06T22:27:41.994Z info: Data Source has been initialized!
2024-01-06T22:27:41.996Z info: http://localhost:3000
2024-01-06T22:28:33.248Z info: Creating user table...
2024-01-06T22:28:33.267Z error: Error during Data Source initialization relation "user" already exists
2024-01-06T22:28:33.268Z info: http://localhost:3000
2024-01-06T22:28:50.546Z info: Creating user table...
2024-01-06T22:28:50.569Z error: Error during Data Source initialization relation "user" already exists
2024-01-06T22:28:50.570Z info: http://localhost:3000
2024-01-06T22:29:50.490Z info: Creating user table...
2024-01-06T22:29:50.510Z error: Error during Data Source initialization relation "user" already exists
2024-01-06T22:29:50.511Z info: http://localhost:3000
2024-01-06T22:29:55.968Z info: Creating user table...
2024-01-06T22:29:55.996Z error: Error during Data Source initialization relation "user" already exists
2024-01-06T22:29:55.997Z info: http://localhost:3000
2024-01-06T22:30:11.977Z info: Creating user table...
2024-01-06T22:30:12.010Z error: Error during Data Source initialization relation "user" already exists
2024-01-06T22:30:12.011Z info: http://localhost:3000
2024-01-06T22:30:25.805Z error: Error during Data Source initialization connect ECONNREFUSED ::1:5432
2024-01-06T22:30:25.807Z info: http://localhost:3000
2024-01-06T22:31:08.298Z info: Creating user table...
2024-01-06T22:31:08.302Z info: Creating book table...
2024-01-06T22:31:08.306Z info: Creating user_book table...
2024-01-06T22:31:08.310Z info: Creating user_book foreign key...
2024-01-06T22:31:08.338Z info: Creating user_book foreign key...
2024-01-06T22:31:08.343Z info: seeding users and books...
2024-01-06T22:31:08.347Z info: seeding user_books...
2024-01-06T22:31:08.363Z error: Error during Data Source initialization column "userId" of relation "user_book" does not exist
2024-01-06T22:31:08.364Z info: http://localhost:3000
2024-01-06T22:31:59.646Z info: Creating user table...
2024-01-06T22:31:59.653Z info: Creating book table...
2024-01-06T22:31:59.656Z info: Creating user_book table...
2024-01-06T22:31:59.659Z info: Creating user_book foreign key...
2024-01-06T22:31:59.694Z info: Creating user_book foreign key...
2024-01-06T22:31:59.700Z info: seeding users and books...
2024-01-06T22:31:59.704Z info: seeding user_books...
2024-01-06T22:31:59.721Z error: Error during Data Source initialization column "userScore" of relation "user_book" does not exist
2024-01-06T22:31:59.722Z info: http://localhost:3000
2024-01-06T22:32:31.560Z info: Creating user table...
2024-01-06T22:32:31.571Z info: Creating book table...
2024-01-06T22:32:31.574Z info: Creating user_book table...
2024-01-06T22:32:31.578Z info: Creating user_book foreign key...
2024-01-06T22:32:31.609Z info: Creating user_book foreign key...
2024-01-06T22:32:31.614Z info: seeding users and books...
2024-01-06T22:32:31.617Z info: seeding user_books...
2024-01-06T22:32:31.693Z error: Error during Data Source initialization column "status" of relation "user_book" contains null values
2024-01-06T22:32:31.694Z info: http://localhost:3000
2024-01-06T22:33:52.080Z error: Error during Data Source initialization column "status" of relation "user_book" contains null values
2024-01-06T22:33:52.081Z info: http://localhost:3000
2024-01-06T22:33:59.603Z error: Error during Data Source initialization column "status" of relation "user_book" contains null values
2024-01-06T22:33:59.605Z info: http://localhost:3000
2024-01-06T22:36:28.993Z error: Error during Data Source initialization column "status" of relation "user_book" contains null values
2024-01-06T22:36:28.995Z info: http://localhost:3000
2024-01-06T22:36:41.073Z error: Error during Data Source initialization column "status" of relation "user_book" contains null values
2024-01-06T22:36:41.075Z info: http://localhost:3000
2024-01-06T22:36:45.716Z error: Error during Data Source initialization column "status" of relation "user_book" contains null values
2024-01-06T22:36:45.717Z info: http://localhost:3000
2024-01-06T22:37:04.658Z error: Error during Data Source initialization column "status" of relation "user_book" contains null values
2024-01-06T22:37:04.660Z info: http://localhost:3000
2024-01-07T08:19:56.007Z error: Error during Data Source initialization column "status" of relation "user_book" contains null values
2024-01-07T08:19:56.008Z info: http://localhost:3000
2024-01-07T08:50:18.837Z info: Creating user table...
2024-01-07T08:50:18.861Z error: Error during Data Source initialization relation "books" does not exist
2024-01-07T08:50:18.862Z info: http://localhost:3000
2024-01-07T08:50:52.202Z info: Creating user table...
2024-01-07T08:50:52.226Z error: Error during Data Source initialization relation "books" does not exist
2024-01-07T08:50:52.227Z info: http://localhost:3000
2024-01-07T08:51:50.682Z info: Creating book table...
2024-01-07T08:51:50.696Z info: Creating user table...
2024-01-07T08:51:50.703Z info: Creating user_book table...
2024-01-07T08:51:50.711Z info: seeding users and books...
2024-01-07T08:51:50.729Z error: Error during Data Source initialization null value in column "books_id" of relation "users" violates not-null constraint
2024-01-07T08:51:50.730Z info: http://localhost:3000
2024-01-07T08:52:29.264Z info: 1-Creating book table...
2024-01-07T08:52:29.277Z info: 2-Creating user table...
2024-01-07T08:52:29.283Z info: 3-Creating user_book table...
2024-01-07T08:52:29.293Z info: seeding users and books...
2024-01-07T08:52:29.308Z error: Error during Data Source initialization null value in column "books_id" of relation "users" violates not-null constraint
2024-01-07T08:52:29.309Z info: http://localhost:3000
2024-01-07T08:53:17.675Z info: 1-Creating book table...
2024-01-07T08:53:17.693Z info: 2-Creating user table...
2024-01-07T08:53:17.699Z info: 3-Creating user_book table...
2024-01-07T08:53:17.708Z info: 1-seeding users.
2024-01-07T08:53:17.724Z error: Error during Data Source initialization null value in column "books_id" of relation "users" violates not-null constraint
2024-01-07T08:53:17.725Z info: http://localhost:3000
2024-01-07T08:53:36.842Z info: 1-Creating book table...
2024-01-07T08:53:36.851Z info: 2-Creating user table...
2024-01-07T08:53:36.871Z error: Error during Data Source initialization column "books_id" referenced in foreign key constraint does not exist
2024-01-07T08:53:36.872Z info: http://localhost:3000
2024-01-07T08:54:08.538Z info: 1-Creating book table...
2024-01-07T08:54:08.554Z info: 2-Creating user table...
2024-01-07T08:54:08.559Z info: 3-Creating user_book table...
2024-01-07T08:54:08.567Z info: 1-seeding users.
2024-01-07T08:54:08.569Z info: 2-seeding books...
2024-01-07T08:54:08.570Z info: 3-seeding user_books...
2024-01-07T08:54:08.586Z error: Error during Data Source initialization syntax error at end of input
2024-01-07T08:54:08.587Z info: http://localhost:3000
2024-01-07T08:54:54.724Z info: 1-Creating book table...
2024-01-07T08:54:54.736Z info: 2-Creating user table...
2024-01-07T08:54:54.741Z info: 3-Creating user_book table...
2024-01-07T08:54:54.749Z info: 1-seeding users.
2024-01-07T08:54:54.751Z info: 2-seeding books...
2024-01-07T08:54:54.752Z info: 3-seeding user_books...
2024-01-07T08:54:54.766Z error: Error during Data Source initialization syntax error at end of input
2024-01-07T08:54:54.767Z info: http://localhost:3000
2024-01-07T08:56:55.292Z info: 1-Creating book table...
2024-01-07T08:56:55.300Z info: 2-Creating user table...
2024-01-07T08:56:55.304Z info: 3-Creating user_book table...
2024-01-07T08:56:55.313Z info: 1-seeding users.
2024-01-07T08:56:55.315Z info: 2-seeding books...
2024-01-07T08:56:55.316Z info: 3-seeding user_books...
2024-01-07T08:56:55.398Z error: Error during Data Source initialization column "user_score" of relation "user_books" contains null values
2024-01-07T08:56:55.399Z info: http://localhost:3000
2024-01-07T08:57:39.556Z error: Error during Data Source initialization column "user_score" of relation "user_books" contains null values
2024-01-07T08:57:39.558Z info: http://localhost:3000
2024-01-07T08:58:27.779Z error: Error during Data Source initialization column "user_score" of relation "user_books" contains null values
2024-01-07T08:58:27.781Z info: http://localhost:3000
2024-01-07T09:14:18.353Z info: Data Source has been initialized!
2024-01-07T09:14:18.355Z info: http://localhost:3000
2024-01-07T09:41:18.152Z info: Data Source has been initialized!
2024-01-07T09:41:18.154Z info: http://localhost:3000
2024-01-07T09:41:27.107Z error: Error during Data Source initialization relation "user" already exists
2024-01-07T09:41:27.110Z info: http://localhost:3000
2024-01-07T09:41:38.341Z error: Error during Data Source initialization relation "user" already exists
2024-01-07T09:41:38.343Z info: http://localhost:3000
2024-01-07T09:42:03.988Z error: Error during Data Source initialization relation "user" already exists
2024-01-07T09:42:03.990Z info: http://localhost:3000
2024-01-07T09:42:09.123Z error: Error during Data Source initialization relation "user" already exists
2024-01-07T09:42:09.125Z info: http://localhost:3000
2024-01-07T09:42:54.897Z error: Error during Data Source initialization relation "user" already exists
2024-01-07T09:42:54.899Z info: http://localhost:3000
2024-01-07T09:43:02.094Z error: Error during Data Source initialization relation "user" already exists
2024-01-07T09:43:02.095Z info: http://localhost:3000
2024-01-07T09:45:20.973Z error: Error during Data Source initialization relation "user" already exists
2024-01-07T09:45:20.975Z info: http://localhost:3000
2024-01-07T09:45:32.821Z error: Error during Data Source initialization relation "user" already exists
2024-01-07T09:45:32.823Z info: http://localhost:3000
2024-01-07T09:46:08.597Z error: Error during Data Source initialization relation "user" already exists
2024-01-07T09:46:08.598Z info: http://localhost:3000
2024-01-07T09:49:01.228Z error: Error during Data Source initialization relation "user" already exists
2024-01-07T09:49:01.230Z info: http://localhost:3000
2024-01-07T09:59:20.915Z error: Error during Data Source initialization column "userid" of relation "user_book" does not exist
2024-01-07T09:59:20.916Z info: http://localhost:3000
2024-01-07T09:59:56.429Z info: Creating initial tables
2024-01-07T09:59:56.472Z error: Error during Data Source initialization column "userid" of relation "user_book" does not exist
2024-01-07T09:59:56.473Z info: http://localhost:3000
2024-01-07T10:00:02.180Z info: Creating initial tables
2024-01-07T10:00:02.208Z info: Inserting example data
2024-01-07T10:00:02.226Z error: Error during Data Source initialization column "userid" of relation "user_book" does not exist
2024-01-07T10:00:02.227Z info: http://localhost:3000
2024-01-07T10:04:46.705Z info: Creating initial tables
2024-01-07T10:04:46.722Z info: Inserting example data
2024-01-07T10:04:46.782Z info: Data Source has been initialized!
2024-01-07T10:04:46.783Z info: http://localhost:3000
2024-01-07T10:05:28.465Z info: Data Source has been initialized!
2024-01-07T10:05:28.467Z info: http://localhost:3000
2024-01-07T10:06:54.551Z info: Data Source has been initialized!
2024-01-07T10:06:54.553Z info: http://localhost:3000
2024-01-07T10:11:04.330Z info: Books count: 5
2024-01-07T10:11:12.517Z info: Book: {"id":1,"name":"The Hitchhiker's Guide to the Galaxy","score":-1}
2024-01-07T10:11:16.136Z info: Book: {"id":2,"name":"I, Robot","score":-1}
2024-01-07T10:11:19.284Z info: Book: {"id":3,"name":"Dune","score":-1}
2024-01-07T10:11:21.891Z info: Book: {"id":4,"name":"1984","score":-1}
2024-01-07T10:11:24.163Z info: Book: {"id":2,"name":"I, Robot","score":-1}
2024-01-07T10:11:30.933Z info: Users count: 4
2024-01-07T10:11:38.157Z info: User: {"id":1,"name":"Eray Aslan"}
2024-01-07T10:11:38.157Z info: get User: {"id":1,"name":"Eray Aslan","books":{"past":[],"present":[]}}
2024-01-07T10:11:42.185Z info: User: {"id":2,"name":"Enes Faruk Meniz"}
2024-01-07T10:11:42.185Z info: get User: {"id":2,"name":"Enes Faruk Meniz","books":{"past":[],"present":[]}}
2024-01-07T10:12:25.718Z info: User: {"id":2,"name":"Enes Faruk Meniz"}
2024-01-07T10:12:25.718Z info: get User: {"id":2,"name":"Enes Faruk Meniz","books":{"past":[],"present":[]}}
2024-01-07T10:12:40.704Z info: Data Source has been initialized!
2024-01-07T10:12:40.706Z info: http://localhost:3000
2024-01-07T10:13:12.505Z info: Data Source has been initialized!
2024-01-07T10:13:12.506Z info: http://localhost:3000
2024-01-07T10:15:01.291Z info: User: {"id":4,"name":"Kadir Mutlu"}
2024-01-07T10:15:01.291Z info: get User: {"id":4,"name":"Kadir Mutlu","books":{"past":[],"present":[]}}
2024-01-07T10:15:04.630Z info: User: {"id":2,"name":"Enes Faruk Meniz"}
2024-01-07T10:15:04.631Z info: get User: {"id":2,"name":"Enes Faruk Meniz","books":{"past":[],"present":[]}}
2024-01-07T10:15:15.084Z info: Users count: 4
2024-01-07T10:15:24.380Z info: User: {"id":4,"name":"Kadir Mutlu"}
2024-01-07T10:15:24.380Z info: get User: {"id":4,"name":"Kadir Mutlu","books":{"past":[],"present":[]}}
2024-01-07T10:15:28.067Z info: User: {"id":2,"name":"Enes Faruk Meniz"}
2024-01-07T10:15:28.068Z info: get User: {"id":2,"name":"Enes Faruk Meniz","books":{"past":[],"present":[]}}
2024-01-07T10:15:42.027Z info: Books count: 5
2024-01-07T10:15:59.111Z info: create User: [object Object]
2024-01-07T10:16:06.412Z info: User: {"id":5,"name":"Ozgur Gurcan"}
2024-01-07T10:16:06.412Z info: get User: {"id":5,"name":"Ozgur Gurcan","books":{"past":[],"present":[]}}
2024-01-07T10:16:46.127Z info: Book: [object Object]
2024-01-07T10:16:53.151Z info: Books count: 6
2024-01-07T10:17:43.510Z info: Data Source has been initialized!
2024-01-07T10:17:43.512Z info: http://localhost:3000
2024-01-07T10:18:15.606Z info: Data Source has been initialized!
2024-01-07T10:18:15.608Z info: http://localhost:3000
2024-01-07T10:18:18.629Z info: borrowBook: {"userId":5,"bookId":6}
2024-01-07T10:18:18.639Z info: Book: {"id":6,"name":"Nutuk"}
2024-01-07T10:18:45.201Z info: User: {"id":5,"name":"Ozgur Gurcan"}
2024-01-07T10:18:45.202Z info: get User: {"id":5,"name":"Ozgur Gurcan","books":{"past":[],"present":[{"name":"Nutuk","userScore":null}]}}
2024-01-07T10:24:54.094Z info: Data Source has been initialized!
2024-01-07T10:24:54.095Z info: http://localhost:3000
2024-01-07T10:25:54.435Z error: There is no book with id 5 borrowed by user with id 2
2024-01-07T10:25:54.435Z error: returning error response:  There is no book with id 5 borrowed by user with id 2
2024-01-07T10:26:06.942Z info: return Book: {"userId":5,"bookId":6}
2024-01-07T10:26:13.756Z info: User: {"id":5,"name":"Ozgur Gurcan"}
2024-01-07T10:26:13.757Z info: get User: {"id":5,"name":"Ozgur Gurcan","books":{"past":[{"name":"Nutuk","userScore":9}],"present":[]}}
2024-01-07T10:26:19.876Z info: borrowBook: {"userId":5,"bookId":1}
2024-01-07T10:26:19.888Z info: Book: {"id":1,"name":"The Hitchhiker's Guide to the Galaxy"}
2024-01-07T10:26:21.321Z info: borrowBook: {"userId":5,"bookId":2}
2024-01-07T10:26:21.329Z info: Book: {"id":2,"name":"I, Robot"}
2024-01-07T10:26:22.356Z info: borrowBook: {"userId":5,"bookId":3}
2024-01-07T10:26:22.367Z info: Book: {"id":3,"name":"Dune"}
2024-01-07T10:26:23.376Z info: borrowBook: {"userId":5,"bookId":4}
2024-01-07T10:26:23.387Z info: Book: {"id":4,"name":"1984"}
2024-01-07T10:26:27.023Z info: User: {"id":5,"name":"Ozgur Gurcan"}
2024-01-07T10:26:27.023Z info: get User: {"id":5,"name":"Ozgur Gurcan","books":{"past":[{"name":"Nutuk","userScore":9}],"present":[{"name":"The Hitchhiker's Guide to the Galaxy"},{"name":"I, Robot"},{"name":"Dune"},{"name":"1984"}]}}
2024-01-07T10:26:33.538Z info: borrowBook: {"userId":5,"bookId":4}
2024-01-07T10:26:33.548Z info: Book: {"id":4,"name":"1984"}
2024-01-07T10:26:34.364Z info: borrowBook: {"userId":5,"bookId":4}
2024-01-07T10:26:34.375Z info: Book: {"id":4,"name":"1984"}
2024-01-07T10:26:36.704Z info: User: {"id":5,"name":"Ozgur Gurcan"}
2024-01-07T10:26:36.704Z info: get User: {"id":5,"name":"Ozgur Gurcan","books":{"past":[{"name":"Nutuk","userScore":9}],"present":[{"name":"The Hitchhiker's Guide to the Galaxy"},{"name":"I, Robot"},{"name":"Dune"},{"name":"1984"},{"name":"1984"},{"name":"1984"}]}}
2024-01-07T10:26:57.362Z info: return Book: {"userId":5,"bookId":1}
2024-01-07T10:27:01.759Z info: return Book: {"userId":5,"bookId":2}
2024-01-07T10:27:02.593Z info: return Book: {"userId":5,"bookId":2}
2024-01-07T10:27:03.868Z info: return Book: {"userId":5,"bookId":2}
2024-01-07T10:27:04.651Z info: return Book: {"userId":5,"bookId":2}
2024-01-07T10:27:08.332Z info: User: {"id":5,"name":"Ozgur Gurcan"}
2024-01-07T10:27:08.333Z info: get User: {"id":5,"name":"Ozgur Gurcan","books":{"past":[{"name":"Nutuk","userScore":9},{"name":"The Hitchhiker's Guide to the Galaxy","userScore":1},{"name":"I, Robot","userScore":2}],"present":[{"name":"Dune"},{"name":"1984"},{"name":"1984"},{"name":"1984"}]}}
2024-01-07T10:27:39.778Z info: Data Source has been initialized!
2024-01-07T10:27:39.781Z info: http://localhost:3000
2024-01-07T10:27:42.702Z info: User: {"id":5,"name":"Ozgur Gurcan"}
2024-01-07T10:27:42.702Z info: get User: {"id":5,"name":"Ozgur Gurcan","books":{"past":[{"name":"Nutuk","userScore":9},{"name":"The Hitchhiker's Guide to the Galaxy","userScore":1},{"name":"I, Robot","userScore":2}],"present":[{"name":"Dune"},{"name":"1984"},{"name":"1984"},{"name":"1984"}]}}
2024-01-07T10:27:45.302Z error: Book with id 2 is already returned by user with id 5
2024-01-07T10:27:45.302Z error: returning error response:  Book with id 2 is already returned by user with id 5
2024-01-07T10:28:06.076Z error: "score" must be greater than or equal to 0
2024-01-07T10:28:06.077Z error: returning error response:  "score" must be greater than or equal to 0
2024-01-07T10:28:13.962Z error: "score" must be less than or equal to 10
2024-01-07T10:28:13.963Z error: returning error response:  "score" must be less than or equal to 10
2024-01-07T10:28:22.892Z error: "score" must be a number
2024-01-07T10:28:22.894Z error: returning error response:  "score" must be a number
2024-01-07T10:28:27.855Z error: Book with id 2 is already returned by user with id 5
2024-01-07T10:28:27.855Z error: returning error response:  Book with id 2 is already returned by user with id 5
2024-01-07T10:28:33.804Z info: return Book: {"userId":5,"bookId":3}
2024-01-07T10:28:37.488Z info: return Book: {"userId":5,"bookId":4}
2024-01-07T10:28:40.555Z error: Book with id 4 is already returned by user with id 5
2024-01-07T10:28:40.555Z error: returning error response:  Book with id 4 is already returned by user with id 5
2024-01-07T10:28:44.609Z info: Books count: 6
2024-01-07T10:28:48.971Z info: User: {"id":5,"name":"Ozgur Gurcan"}
2024-01-07T10:28:48.971Z info: get User: {"id":5,"name":"Ozgur Gurcan","books":{"past":[{"name":"Nutuk","userScore":9},{"name":"The Hitchhiker's Guide to the Galaxy","userScore":1},{"name":"I, Robot","userScore":2},{"name":"Dune","userScore":3},{"name":"1984","userScore":3}],"present":[{"name":"1984"},{"name":"1984"}]}}
2024-01-07T10:28:57.783Z info: borrowBook: {"userId":5,"bookId":4}
2024-01-07T10:28:57.794Z info: Book: {"id":4,"name":"1984"}
2024-01-07T10:28:58.353Z info: borrowBook: {"userId":5,"bookId":4}
2024-01-07T10:28:58.361Z info: Book: {"id":4,"name":"1984"}
2024-01-07T10:29:00.475Z info: User: {"id":5,"name":"Ozgur Gurcan"}
2024-01-07T10:29:00.475Z info: get User: {"id":5,"name":"Ozgur Gurcan","books":{"past":[{"name":"Nutuk","userScore":9},{"name":"The Hitchhiker's Guide to the Galaxy","userScore":1},{"name":"I, Robot","userScore":2},{"name":"Dune","userScore":3},{"name":"1984","userScore":3}],"present":[{"name":"1984"},{"name":"1984"},{"name":"1984"},{"name":"1984"}]}}
2024-01-07T10:31:56.244Z info: Data Source has been initialized!
2024-01-07T10:31:56.245Z info: http://localhost:3000
2024-01-07T10:31:58.352Z info: borrowBook: {"userId":5,"bookId":4}
2024-01-07T10:31:58.404Z error: Book with id 4 is already borrowed by user with id 5
2024-01-07T10:31:58.405Z error: returning error response:  Book with id 4 is already borrowed by user with id 5
2024-01-07T10:32:09.673Z error: Book with id 1 is already returned by user with id 5
2024-01-07T10:32:09.673Z error: returning error response:  Book with id 1 is already returned by user with id 5
2024-01-07T10:32:13.627Z error: Book with id 2 is already returned by user with id 5
2024-01-07T10:32:13.627Z error: returning error response:  Book with id 2 is already returned by user with id 5
2024-01-07T10:32:14.652Z error: Book with id 3 is already returned by user with id 5
2024-01-07T10:32:14.653Z error: returning error response:  Book with id 3 is already returned by user with id 5
2024-01-07T10:32:15.569Z error: Book with id 4 is already returned by user with id 5
2024-01-07T10:32:15.569Z error: returning error response:  Book with id 4 is already returned by user with id 5
2024-01-07T10:32:17.125Z error: There is no book with id 5 borrowed by user with id 5
2024-01-07T10:32:17.127Z error: returning error response:  There is no book with id 5 borrowed by user with id 5
2024-01-07T10:32:18.376Z error: Book with id 6 is already returned by user with id 5
2024-01-07T10:32:18.376Z error: returning error response:  Book with id 6 is already returned by user with id 5
2024-01-07T10:32:21.905Z info: User: {"id":5,"name":"Ozgur Gurcan"}
2024-01-07T10:32:21.906Z info: get User: {"id":5,"name":"Ozgur Gurcan","books":{"past":[{"name":"Nutuk","userScore":9},{"name":"The Hitchhiker's Guide to the Galaxy","userScore":1},{"name":"I, Robot","userScore":2},{"name":"Dune","userScore":3},{"name":"1984","userScore":3}],"present":[{"name":"1984"},{"name":"1984"},{"name":"1984"},{"name":"1984"}]}}
2024-01-07T10:32:30.018Z error: Book with id 4 is already returned by user with id 5
2024-01-07T10:32:30.019Z error: returning error response:  Book with id 4 is already returned by user with id 5
2024-01-07T10:43:42.149Z info: Book: {"id":1,"name":"The Hitchhiker's Guide to the Galaxy","score":-1}
2024-01-07T10:43:55.749Z info: Books count: 6
2024-01-07T10:43:59.483Z info: Book: {"id":1,"name":"The Hitchhiker's Guide to the Galaxy","score":-1}
2024-01-07T10:44:40.801Z info: Data Source has been initialized!
2024-01-07T10:44:40.803Z info: http://localhost:3000
2024-01-07T10:46:45.853Z info: Data Source has been initialized!
2024-01-07T10:46:45.855Z info: http://localhost:3000
2024-01-07T10:46:58.541Z info: Books count: 6
2024-01-07T10:47:00.632Z info: Book: {"id":1,"name":"The Hitchhiker's Guide to the Galaxy","score":1}
2024-01-07T10:47:03.114Z info: Book: {"id":2,"name":"I, Robot","score":2}
2024-01-07T10:47:04.346Z info: Book: {"id":3,"name":"Dune","score":3}
2024-01-07T10:47:06.092Z info: Book: {"id":4,"name":"1984","score":0.6}
2024-01-07T10:47:16.038Z info: Book: {"id":5,"name":"Brave New World","score":null}
2024-01-07T10:53:55.814Z info: Data Source has been initialized!
2024-01-07T10:53:55.815Z info: http://localhost:3000
2024-01-07T10:54:10.971Z info: Data Source has been initialized!
2024-01-07T10:54:10.981Z info: Data Source has been initialized!
2024-01-07T10:54:11.005Z info: Books count: 6
2024-01-07T10:54:11.019Z info: Book: {"id":1,"name":"The Hitchhiker's Guide to the Galaxy","score":1}
2024-01-07T10:54:11.028Z info: Book: {"id":2,"name":"I, Robot","score":2}
2024-01-07T10:54:11.034Z info: create User: [object Object]
2024-01-07T10:54:11.043Z info: Book: [object Object]
2024-01-07T10:54:11.046Z info: Users count: 6
2024-01-07T10:54:11.055Z info: User: {"id":4,"name":"Kadir Mutlu"}
2024-01-07T10:54:11.057Z info: get User: {"id":4,"name":"Kadir Mutlu","books":{"past":[],"present":[]}}
2024-01-07T10:54:11.063Z info: User: {"id":2,"name":"Enes Faruk Meniz"}
2024-01-07T10:54:11.064Z info: get User: {"id":2,"name":"Enes Faruk Meniz","books":{"past":[],"present":[]}}
2024-01-07T10:54:11.066Z info: borrowBook: {"userId":2,"bookId":1}
2024-01-07T10:54:11.073Z info: Book: {"id":1,"name":"The Hitchhiker's Guide to the Galaxy"}
2024-01-07T10:54:11.117Z info: return Book: {"userId":2,"bookId":1}
2024-01-07T10:55:53.075Z info: Data Source has been initialized!
2024-01-07T10:55:53.077Z info: http://localhost:3000
2024-01-07T11:15:43.925Z info: Data Source has been initialized!
2024-01-07T11:15:43.926Z info: http://localhost:3000
2024-01-07T11:17:03.879Z info: Data Source has been initialized!
2024-01-07T11:17:03.880Z info: http://localhost:3000
2024-01-07T11:17:29.452Z info: Data Source has been initialized!
2024-01-07T11:17:29.453Z info: http://localhost:3000
2024-01-07T11:17:58.131Z info: Data Source has been initialized!
2024-01-07T11:17:58.133Z info: http://localhost:3000
2024-01-07T11:18:29.217Z info: Data Source has been initialized!
2024-01-07T11:18:29.220Z info: http://localhost:3000
2024-01-07T11:19:54.077Z info: Data Source has been initialized!
2024-01-07T11:19:54.079Z info: http://localhost:3000
2024-01-07T11:20:56.450Z info: Data Source has been initialized!
2024-01-07T11:20:56.452Z info: http://localhost:3000
2024-01-07T11:21:28.647Z info: Data Source has been initialized!
2024-01-07T11:21:28.648Z info: http://localhost:3000
2024-01-07T11:23:25.919Z info: Data Source has been initialized!
2024-01-07T11:23:25.919Z info: Data Source has been initialized!
2024-01-07T11:23:25.949Z info: Books count: 7
2024-01-07T11:23:25.966Z info: Book: {"id":1,"name":"The Hitchhiker's Guide to the Galaxy","score":5}
2024-01-07T11:23:25.978Z info: Book: {"id":2,"name":"I, Robot","score":2}
2024-01-07T11:23:25.997Z info: Book: [object Object]
2024-01-07T11:23:26.017Z info: create User: [object Object]
2024-01-07T11:23:26.026Z info: Users count: 7
2024-01-07T11:23:26.046Z info: User: {"id":4,"name":"Kadir Mutlu"}
2024-01-07T11:23:26.047Z info: get User: {"id":4,"name":"Kadir Mutlu","books":{"past":[],"present":[]}}
2024-01-07T11:23:26.055Z info: User: {"id":2,"name":"Enes Faruk Meniz"}
2024-01-07T11:23:26.055Z info: get User: {"id":2,"name":"Enes Faruk Meniz","books":{"past":[{"name":"The Hitchhiker's Guide to the Galaxy","userScore":9}],"present":[]}}
2024-01-07T11:23:26.058Z info: borrowBook: {"userId":2,"bookId":1}
2024-01-07T11:23:26.068Z error: returning error response:  Book with id 1 is already borrowed by user with id 2
2024-01-07T11:23:26.079Z error: returning error response:  Book with id 1 is already returned by user with id 2
2024-01-07T11:24:31.381Z info: Data Source has been initialized!
2024-01-07T11:24:31.383Z info: http://localhost:3000
2024-01-07T11:24:38.703Z info: Data Source has been initialized!
2024-01-07T11:24:38.704Z info: Data Source has been initialized!
2024-01-07T11:24:38.732Z info: Books count: 8
2024-01-07T11:24:38.748Z info: Fetched Book: {"id":1,"name":"The Hitchhiker's Guide to the Galaxy","score":5}
2024-01-07T11:24:38.754Z info: Fetched Book: {"id":2,"name":"I, Robot","score":2}
2024-01-07T11:24:38.773Z info: Book created with ID: 9
2024-01-07T11:24:38.786Z info: create User: [object Object]
2024-01-07T11:24:38.796Z info: Users count: 8
2024-01-07T11:24:38.805Z info: User: {"id":4,"name":"Kadir Mutlu"}
2024-01-07T11:24:38.807Z info: get User: {"id":4,"name":"Kadir Mutlu","books":{"past":[],"present":[]}}
2024-01-07T11:24:38.814Z info: User: {"id":2,"name":"Enes Faruk Meniz"}
2024-01-07T11:24:38.815Z info: get User: {"id":2,"name":"Enes Faruk Meniz","books":{"past":[{"name":"The Hitchhiker's Guide to the Galaxy","userScore":9}],"present":[]}}
2024-01-07T11:24:38.820Z info: borrowBook: {"userId":2,"bookId":1}
2024-01-07T11:24:38.831Z error: returning error response:  Book with id 1 is already borrowed by user with id 2
2024-01-07T11:24:38.838Z error: returning error response:  Book with id 1 is already returned by user with id 2
2024-01-07T11:26:57.532Z info: Data Source has been initialized!
2024-01-07T11:26:57.533Z info: http://localhost:3000
2024-01-07T11:26:59.351Z info: Data Source has been initialized!
2024-01-07T11:26:59.351Z info: Data Source has been initialized!
2024-01-07T11:26:59.379Z info: Books count: 9
2024-01-07T11:26:59.393Z info: Fetched Book: {"id":1,"name":"The Hitchhiker's Guide to the Galaxy","score":5}
2024-01-07T11:26:59.402Z info: Fetched Book: {"id":2,"name":"I, Robot","score":2}
2024-01-07T11:26:59.421Z info: Book created with ID: 10
2024-01-07T11:26:59.433Z info: create User: [object Object]
2024-01-07T11:26:59.445Z info: Users count: 9
2024-01-07T11:26:59.456Z info: User: {"id":4,"name":"Kadir Mutlu"}
2024-01-07T11:26:59.457Z info: get User: {"id":4,"name":"Kadir Mutlu","books":{"past":[],"present":[]}}
2024-01-07T11:26:59.465Z info: User: {"id":2,"name":"Enes Faruk Meniz"}
2024-01-07T11:26:59.466Z info: get User: {"id":2,"name":"Enes Faruk Meniz","books":{"past":[{"name":"The Hitchhiker's Guide to the Galaxy","userScore":9}],"present":[]}}
2024-01-07T11:26:59.468Z info: borrowBook: {"userId":2,"bookId":1}
2024-01-07T11:26:59.480Z error: returning error response:  Book with id 1 is already borrowed by user with id 2
2024-01-07T11:26:59.488Z error: returning error response:  Book with id 1 is already returned by user with id 2
2024-01-07T11:27:07.178Z info: Data Source has been initialized!
2024-01-07T11:27:07.179Z info: http://localhost:3000
2024-01-07T11:33:26.106Z info: Data Source has been initialized!
2024-01-07T11:33:26.108Z info: http://localhost:3000
2024-01-07T11:33:36.194Z info: Data Source has been initialized!
2024-01-07T11:33:36.195Z info: Data Source has been initialized!
2024-01-07T11:33:36.222Z info: Books count: 10
2024-01-07T11:33:36.238Z info: Fetched Book: {"id":1,"name":"The Hitchhiker's Guide to the Galaxy","score":5}
2024-01-07T11:33:36.244Z info: Fetched Book: {"id":2,"name":"I, Robot","score":2}
2024-01-07T11:33:36.266Z info: Book created with ID: 11
2024-01-07T11:33:36.273Z info: create User: [object Object]
2024-01-07T11:33:36.283Z info: Users count: 10
2024-01-07T11:33:36.293Z info: User: {"id":4,"name":"Kadir Mutlu"}
2024-01-07T11:33:36.294Z info: get User: {"id":4,"name":"Kadir Mutlu","books":{"past":[],"present":[]}}
2024-01-07T11:33:36.302Z info: User: {"id":2,"name":"Enes Faruk Meniz"}
2024-01-07T11:33:36.302Z info: get User: {"id":2,"name":"Enes Faruk Meniz","books":{"past":[{"name":"The Hitchhiker's Guide to the Galaxy","userScore":9}],"present":[]}}
2024-01-07T11:33:36.310Z info: borrowBook: {"userId":2,"bookId":1}
2024-01-07T11:33:36.323Z error: returning error response:  Book with id 1 is already borrowed by user with id 2
2024-01-07T11:33:36.331Z error: returning error response:  Book with id 1 is already returned by user with id 2
2024-01-07T11:33:49.040Z info: Data Source has been initialized!
2024-01-07T11:33:49.041Z info: http://localhost:3000
2024-01-07T11:34:21.708Z info: Data Source has been initialized!
2024-01-07T11:34:21.709Z info: http://localhost:3000
2024-01-07T11:34:35.315Z info: Data Source has been initialized!
2024-01-07T11:34:35.317Z info: http://localhost:3000
2024-01-07T11:35:00.830Z info: Data Source has been initialized!
2024-01-07T11:35:00.832Z info: http://localhost:3000
2024-01-07T11:35:10.561Z info: Data Source has been initialized!
2024-01-07T11:35:10.562Z info: http://localhost:3000
2024-01-07T11:36:28.447Z info: Data Source has been initialized!
2024-01-07T11:36:28.449Z info: http://localhost:3000
